mode: set
github.com/seanhuebl/unity-wealth/main.go:31.13,33.16 2 0
github.com/seanhuebl/unity-wealth/main.go:33.16,35.3 1 0
github.com/seanhuebl/unity-wealth/main.go:37.2,38.16 2 0
github.com/seanhuebl/unity-wealth/main.go:38.16,40.3 1 0
github.com/seanhuebl/unity-wealth/main.go:41.2,44.21 3 0
github.com/seanhuebl/unity-wealth/main.go:44.21,46.3 1 0
github.com/seanhuebl/unity-wealth/main.go:47.2,48.16 2 0
github.com/seanhuebl/unity-wealth/main.go:48.16,50.3 1 0
github.com/seanhuebl/unity-wealth/main.go:52.2,53.16 2 0
github.com/seanhuebl/unity-wealth/main.go:53.16,55.3 1 0
github.com/seanhuebl/unity-wealth/main.go:56.2,56.34 1 0
github.com/seanhuebl/unity-wealth/main.go:56.34,58.3 1 0
github.com/seanhuebl/unity-wealth/main.go:60.2,66.55 2 0
github.com/seanhuebl/unity-wealth/main.go:66.55,68.3 1 0
github.com/seanhuebl/unity-wealth/main.go:70.2,108.16 22 0
github.com/seanhuebl/unity-wealth/main.go:108.16,110.3 1 0
github.com/seanhuebl/unity-wealth/cache/redis.go:21.55,25.16 3 1
github.com/seanhuebl/unity-wealth/cache/redis.go:25.16,28.3 2 1
github.com/seanhuebl/unity-wealth/cache/redis.go:30.2,31.16 2 1
github.com/seanhuebl/unity-wealth/cache/redis.go:31.16,34.3 2 0
github.com/seanhuebl/unity-wealth/cache/redis.go:36.2,36.129 1 1
github.com/seanhuebl/unity-wealth/cache/redis.go:36.129,38.3 1 1
github.com/seanhuebl/unity-wealth/cache/redis.go:38.17,41.3 2 1
github.com/seanhuebl/unity-wealth/cache/redis.go:43.2,43.132 1 1
github.com/seanhuebl/unity-wealth/cache/redis.go:43.132,45.3 1 1
github.com/seanhuebl/unity-wealth/cache/redis.go:45.17,48.3 2 1
github.com/seanhuebl/unity-wealth/cache/redis.go:50.2,51.12 2 1
github.com/seanhuebl/unity-wealth/cache/redis.go:54.143,56.33 2 1
github.com/seanhuebl/unity-wealth/cache/redis.go:56.33,58.17 2 1
github.com/seanhuebl/unity-wealth/cache/redis.go:58.17,60.4 1 0
github.com/seanhuebl/unity-wealth/cache/redis.go:61.3,62.41 2 1
github.com/seanhuebl/unity-wealth/cache/redis.go:64.2,64.51 1 1
github.com/seanhuebl/unity-wealth/handlers/category/get_categories.go:11.51,13.16 2 1
github.com/seanhuebl/unity-wealth/handlers/category/get_categories.go:13.16,18.3 2 1
github.com/seanhuebl/unity-wealth/handlers/category/get_categories.go:19.2,20.16 2 1
github.com/seanhuebl/unity-wealth/handlers/category/get_categories.go:20.16,25.3 2 1
github.com/seanhuebl/unity-wealth/handlers/category/get_categories.go:27.2,32.35 2 1
github.com/seanhuebl/unity-wealth/handlers/category/get_categories.go:35.60,38.16 3 1
github.com/seanhuebl/unity-wealth/handlers/category/get_categories.go:38.16,39.23 1 1
github.com/seanhuebl/unity-wealth/handlers/category/get_categories.go:39.23,44.4 2 1
github.com/seanhuebl/unity-wealth/handlers/category/get_categories.go:45.3,48.9 2 1
github.com/seanhuebl/unity-wealth/handlers/category/get_categories.go:50.2,52.4 1 1
github.com/seanhuebl/unity-wealth/handlers/category/get_categories.go:55.61,58.16 3 1
github.com/seanhuebl/unity-wealth/handlers/category/get_categories.go:58.16,59.23 1 1
github.com/seanhuebl/unity-wealth/handlers/category/get_categories.go:59.23,64.4 2 1
github.com/seanhuebl/unity-wealth/handlers/category/get_categories.go:65.3,68.9 2 1
github.com/seanhuebl/unity-wealth/handlers/category/get_categories.go:70.2,72.4 1 1
github.com/seanhuebl/unity-wealth/handlers/category/handler.go:5.28,7.2 1 1
github.com/seanhuebl/unity-wealth/handlers/common/handler.go:5.28,7.2 1 0
github.com/seanhuebl/unity-wealth/handlers/common/health.go:9.44,13.2 1 0
github.com/seanhuebl/unity-wealth/handlers/transaction/handler.go:7.52,11.2 1 0
github.com/seanhuebl/unity-wealth/handlers/transaction/transaction.go:15.50,17.16 2 0
github.com/seanhuebl/unity-wealth/handlers/transaction/transaction.go:17.16,24.3 2 0
github.com/seanhuebl/unity-wealth/handlers/transaction/transaction.go:26.2,28.47 2 0
github.com/seanhuebl/unity-wealth/handlers/transaction/transaction.go:28.47,35.3 2 0
github.com/seanhuebl/unity-wealth/handlers/transaction/transaction.go:37.2,38.16 2 0
github.com/seanhuebl/unity-wealth/handlers/transaction/transaction.go:38.16,45.3 2 0
github.com/seanhuebl/unity-wealth/handlers/transaction/transaction.go:47.2,51.4 2 0
github.com/seanhuebl/unity-wealth/handlers/transaction/transaction.go:55.59,57.16 2 0
github.com/seanhuebl/unity-wealth/handlers/transaction/transaction.go:57.16,64.3 2 0
github.com/seanhuebl/unity-wealth/handlers/transaction/transaction.go:66.2,69.9 3 0
github.com/seanhuebl/unity-wealth/handlers/transaction/transaction.go:69.9,76.3 2 0
github.com/seanhuebl/unity-wealth/handlers/transaction/transaction.go:78.2,79.26 2 0
github.com/seanhuebl/unity-wealth/handlers/transaction/transaction.go:79.26,86.3 2 0
github.com/seanhuebl/unity-wealth/handlers/transaction/transaction.go:88.2,89.16 2 0
github.com/seanhuebl/unity-wealth/handlers/transaction/transaction.go:89.16,90.61 1 0
github.com/seanhuebl/unity-wealth/handlers/transaction/transaction.go:90.61,97.4 2 0
github.com/seanhuebl/unity-wealth/handlers/transaction/transaction.go:98.3,103.9 2 0
github.com/seanhuebl/unity-wealth/handlers/transaction/transaction.go:106.2,114.4 1 0
github.com/seanhuebl/unity-wealth/handlers/transaction/transaction.go:117.54,119.16 2 0
github.com/seanhuebl/unity-wealth/handlers/transaction/transaction.go:119.16,126.3 2 0
github.com/seanhuebl/unity-wealth/handlers/transaction/transaction.go:128.2,129.9 2 0
github.com/seanhuebl/unity-wealth/handlers/transaction/transaction.go:129.9,132.3 1 0
github.com/seanhuebl/unity-wealth/handlers/transaction/transaction.go:133.2,134.16 2 0
github.com/seanhuebl/unity-wealth/handlers/transaction/transaction.go:134.16,135.48 1 0
github.com/seanhuebl/unity-wealth/handlers/transaction/transaction.go:135.48,142.4 2 0
github.com/seanhuebl/unity-wealth/handlers/transaction/transaction.go:143.3,148.9 2 0
github.com/seanhuebl/unity-wealth/handlers/transaction/transaction.go:151.2,155.4 2 0
github.com/seanhuebl/unity-wealth/handlers/transaction/transaction.go:158.53,160.16 2 0
github.com/seanhuebl/unity-wealth/handlers/transaction/transaction.go:160.16,167.3 2 0
github.com/seanhuebl/unity-wealth/handlers/transaction/transaction.go:169.2,171.47 2 0
github.com/seanhuebl/unity-wealth/handlers/transaction/transaction.go:171.47,178.3 2 0
github.com/seanhuebl/unity-wealth/handlers/transaction/transaction.go:180.2,181.9 2 0
github.com/seanhuebl/unity-wealth/handlers/transaction/transaction.go:181.9,184.3 1 0
github.com/seanhuebl/unity-wealth/handlers/transaction/transaction.go:186.2,187.16 2 0
github.com/seanhuebl/unity-wealth/handlers/transaction/transaction.go:187.16,188.49 1 0
github.com/seanhuebl/unity-wealth/handlers/transaction/transaction.go:188.49,195.4 2 0
github.com/seanhuebl/unity-wealth/handlers/transaction/transaction.go:196.3,201.9 2 0
github.com/seanhuebl/unity-wealth/handlers/transaction/transaction.go:204.2,208.4 2 0
github.com/seanhuebl/unity-wealth/handlers/transaction/transaction.go:211.53,213.16 2 0
github.com/seanhuebl/unity-wealth/handlers/transaction/transaction.go:213.16,220.3 2 0
github.com/seanhuebl/unity-wealth/handlers/transaction/transaction.go:222.2,223.9 2 0
github.com/seanhuebl/unity-wealth/handlers/transaction/transaction.go:223.9,226.3 1 0
github.com/seanhuebl/unity-wealth/handlers/transaction/transaction.go:227.2,229.16 2 0
github.com/seanhuebl/unity-wealth/handlers/transaction/transaction.go:229.16,230.48 1 0
github.com/seanhuebl/unity-wealth/handlers/transaction/transaction.go:230.48,237.4 2 0
github.com/seanhuebl/unity-wealth/handlers/transaction/transaction.go:238.3,243.9 2 0
github.com/seanhuebl/unity-wealth/handlers/transaction/transaction.go:246.2,250.4 1 0
github.com/seanhuebl/unity-wealth/handlers/auth/handler.go:7.47,11.2 1 1
github.com/seanhuebl/unity-wealth/handlers/auth/login.go:13.43,15.51 2 1
github.com/seanhuebl/unity-wealth/handlers/auth/login.go:15.51,22.3 2 1
github.com/seanhuebl/unity-wealth/handlers/auth/login.go:24.2,25.16 2 1
github.com/seanhuebl/unity-wealth/handlers/auth/login.go:25.16,33.3 3 1
github.com/seanhuebl/unity-wealth/handlers/auth/login.go:36.2,43.4 2 1
github.com/seanhuebl/unity-wealth/handlers/auth/login.go:47.67,50.24 3 1
github.com/seanhuebl/unity-wealth/handlers/auth/login.go:50.24,52.3 1 1
github.com/seanhuebl/unity-wealth/handlers/auth/login.go:54.2,65.37 2 1
github.com/seanhuebl/unity-wealth/internal/cursor/signer.go:31.85,33.2 1 0
github.com/seanhuebl/unity-wealth/internal/cursor/signer.go:35.84,36.17 1 0
github.com/seanhuebl/unity-wealth/internal/cursor/signer.go:36.17,38.3 1 0
github.com/seanhuebl/unity-wealth/internal/cursor/signer.go:39.2,40.30 2 0
github.com/seanhuebl/unity-wealth/internal/cursor/signer.go:43.50,45.16 2 0
github.com/seanhuebl/unity-wealth/internal/cursor/signer.go:45.16,47.3 1 0
github.com/seanhuebl/unity-wealth/internal/cursor/signer.go:48.2,48.19 1 0
github.com/seanhuebl/unity-wealth/internal/cursor/signer.go:48.19,50.3 1 0
github.com/seanhuebl/unity-wealth/internal/cursor/signer.go:51.2,51.35 1 0
github.com/seanhuebl/unity-wealth/internal/cursor/signer.go:54.87,56.21 1 0
github.com/seanhuebl/unity-wealth/internal/cursor/signer.go:56.21,58.3 1 0
github.com/seanhuebl/unity-wealth/internal/cursor/signer.go:59.2,60.16 2 0
github.com/seanhuebl/unity-wealth/internal/cursor/signer.go:60.16,62.3 1 0
github.com/seanhuebl/unity-wealth/internal/cursor/signer.go:63.2,70.19 6 0
github.com/seanhuebl/unity-wealth/internal/cursor/signer.go:73.86,75.21 1 0
github.com/seanhuebl/unity-wealth/internal/cursor/signer.go:75.21,77.3 1 0
github.com/seanhuebl/unity-wealth/internal/cursor/signer.go:78.2,78.17 1 0
github.com/seanhuebl/unity-wealth/internal/cursor/signer.go:78.17,80.3 1 0
github.com/seanhuebl/unity-wealth/internal/cursor/signer.go:81.2,82.16 2 0
github.com/seanhuebl/unity-wealth/internal/cursor/signer.go:82.16,84.3 1 0
github.com/seanhuebl/unity-wealth/internal/cursor/signer.go:85.2,85.19 1 0
github.com/seanhuebl/unity-wealth/internal/cursor/signer.go:85.19,87.3 1 0
github.com/seanhuebl/unity-wealth/internal/cursor/signer.go:89.2,93.36 4 0
github.com/seanhuebl/unity-wealth/internal/cursor/signer.go:93.36,95.3 1 0
github.com/seanhuebl/unity-wealth/internal/cursor/signer.go:97.2,98.57 2 0
github.com/seanhuebl/unity-wealth/internal/cursor/signer.go:98.57,100.3 1 0
github.com/seanhuebl/unity-wealth/internal/cursor/signer.go:101.2,102.16 2 0
github.com/seanhuebl/unity-wealth/internal/cursor/signer.go:102.16,104.3 1 0
github.com/seanhuebl/unity-wealth/internal/cursor/signer.go:105.2,105.30 1 0
github.com/seanhuebl/unity-wealth/internal/database/adapter_device_querier.go:13.68,17.2 1 0
github.com/seanhuebl/unity-wealth/internal/database/adapter_device_querier.go:19.121,21.2 1 0
github.com/seanhuebl/unity-wealth/internal/database/adapter_device_querier.go:23.115,25.2 1 0
github.com/seanhuebl/unity-wealth/internal/database/adapter_sql_transactional_querier.go:17.70,19.2 1 0
github.com/seanhuebl/unity-wealth/internal/database/adapter_sql_transactional_querier.go:22.79,24.2 1 0
github.com/seanhuebl/unity-wealth/internal/database/adapter_sql_transactional_querier.go:27.103,29.2 1 0
github.com/seanhuebl/unity-wealth/internal/database/adapter_sql_transactional_querier.go:32.127,34.2 1 0
github.com/seanhuebl/unity-wealth/internal/database/adapter_sql_transactional_querier.go:36.121,38.2 1 0
github.com/seanhuebl/unity-wealth/internal/database/adapter_sql_transactional_querier.go:41.112,43.2 1 0
github.com/seanhuebl/unity-wealth/internal/database/adapter_sql_transactional_querier.go:45.98,47.2 1 0
github.com/seanhuebl/unity-wealth/internal/database/adapter_sql_transactional_querier.go:49.149,51.2 1 0
github.com/seanhuebl/unity-wealth/internal/database/adapter_sql_transactional_querier.go:54.110,56.2 1 0
github.com/seanhuebl/unity-wealth/internal/database/adapter_sql_transactional_querier.go:58.146,60.2 1 0
github.com/seanhuebl/unity-wealth/internal/database/adapter_sql_transactional_querier.go:62.132,64.2 1 0
github.com/seanhuebl/unity-wealth/internal/database/adapter_sql_transactional_querier.go:66.169,68.2 1 0
github.com/seanhuebl/unity-wealth/internal/database/adapter_sql_transactional_querier.go:70.169,72.2 1 0
github.com/seanhuebl/unity-wealth/internal/database/adapter_sql_transactional_querier.go:74.149,76.2 1 0
github.com/seanhuebl/unity-wealth/internal/database/adapter_sql_transactional_querier.go:78.112,80.2 1 0
github.com/seanhuebl/unity-wealth/internal/database/adapter_sql_transactional_querier.go:82.114,84.2 1 0
github.com/seanhuebl/unity-wealth/internal/database/adapter_sql_transactional_querier.go:86.107,88.2 1 0
github.com/seanhuebl/unity-wealth/internal/database/adapter_sql_transactional_querier.go:92.96,94.2 1 0
github.com/seanhuebl/unity-wealth/internal/database/adapter_sql_transactional_querier.go:96.113,98.2 1 0
github.com/seanhuebl/unity-wealth/internal/database/adapter_sql_tx_querier.go:12.66,16.2 1 0
github.com/seanhuebl/unity-wealth/internal/database/adapter_sql_tx_querier.go:18.73,20.2 1 0
github.com/seanhuebl/unity-wealth/internal/database/adapter_sql_tx_querier.go:22.97,24.2 1 0
github.com/seanhuebl/unity-wealth/internal/database/adapter_token_querier.go:13.66,17.2 1 0
github.com/seanhuebl/unity-wealth/internal/database/adapter_token_querier.go:19.105,21.2 1 0
github.com/seanhuebl/unity-wealth/internal/database/adapter_token_querier.go:23.91,25.2 1 0
github.com/seanhuebl/unity-wealth/internal/database/adapter_token_querier.go:27.142,29.2 1 0
github.com/seanhuebl/unity-wealth/internal/database/adapter_transaction_querier.go:14.78,18.2 1 0
github.com/seanhuebl/unity-wealth/internal/database/adapter_transaction_querier.go:20.109,22.2 1 0
github.com/seanhuebl/unity-wealth/internal/database/adapter_transaction_querier.go:24.145,26.2 1 0
github.com/seanhuebl/unity-wealth/internal/database/adapter_transaction_querier.go:28.131,30.2 1 0
github.com/seanhuebl/unity-wealth/internal/database/adapter_transaction_querier.go:32.168,34.2 1 0
github.com/seanhuebl/unity-wealth/internal/database/adapter_transaction_querier.go:36.168,38.2 1 0
github.com/seanhuebl/unity-wealth/internal/database/adapter_transaction_querier.go:40.148,42.2 1 0
github.com/seanhuebl/unity-wealth/internal/database/adapter_transaction_querier.go:44.111,46.2 1 0
github.com/seanhuebl/unity-wealth/internal/database/adapter_transaction_querier.go:48.113,50.2 1 0
github.com/seanhuebl/unity-wealth/internal/database/adapter_transaction_querier.go:52.106,54.2 1 0
github.com/seanhuebl/unity-wealth/internal/database/adapter_user_querier.go:11.64,15.2 1 0
github.com/seanhuebl/unity-wealth/internal/database/adapter_user_querier.go:17.91,19.2 1 0
github.com/seanhuebl/unity-wealth/internal/database/adapter_user_querier.go:21.105,23.2 1 0
github.com/seanhuebl/unity-wealth/internal/database/db.go:19.28,21.2 1 0
github.com/seanhuebl/unity-wealth/internal/database/db.go:27.47,31.2 1 0
github.com/seanhuebl/unity-wealth/internal/database/device_info.sql.go:46.104,59.2 4 0
github.com/seanhuebl/unity-wealth/internal/database/device_info.sql.go:82.110,94.2 4 0
github.com/seanhuebl/unity-wealth/internal/database/interfaces.go:57.110,59.2 1 0
github.com/seanhuebl/unity-wealth/internal/database/interfaces.go:61.110,63.2 1 0
github.com/seanhuebl/unity-wealth/internal/database/queries_ext.go:10.86,13.9 2 0
github.com/seanhuebl/unity-wealth/internal/database/queries_ext.go:13.9,15.3 1 0
github.com/seanhuebl/unity-wealth/internal/database/queries_ext.go:16.2,16.30 1 0
github.com/seanhuebl/unity-wealth/internal/database/refresh_tokens.sql.go:43.95,52.2 2 0
github.com/seanhuebl/unity-wealth/internal/database/refresh_tokens.sql.go:66.132,80.2 4 0
github.com/seanhuebl/unity-wealth/internal/database/refresh_tokens.sql.go:96.81,99.2 2 0
github.com/seanhuebl/unity-wealth/internal/database/transactions.sql.go:40.93,50.2 2 0
github.com/seanhuebl/unity-wealth/internal/database/transactions.sql.go:64.115,66.2 1 0
github.com/seanhuebl/unity-wealth/internal/database/transactions.sql.go:75.97,77.16 2 0
github.com/seanhuebl/unity-wealth/internal/database/transactions.sql.go:77.16,79.3 1 0
github.com/seanhuebl/unity-wealth/internal/database/transactions.sql.go:80.2,82.18 3 0
github.com/seanhuebl/unity-wealth/internal/database/transactions.sql.go:82.18,89.17 2 0
github.com/seanhuebl/unity-wealth/internal/database/transactions.sql.go:89.17,91.4 1 0
github.com/seanhuebl/unity-wealth/internal/database/transactions.sql.go:92.3,92.27 1 0
github.com/seanhuebl/unity-wealth/internal/database/transactions.sql.go:94.2,94.37 1 0
github.com/seanhuebl/unity-wealth/internal/database/transactions.sql.go:94.37,96.3 1 0
github.com/seanhuebl/unity-wealth/internal/database/transactions.sql.go:97.2,97.35 1 0
github.com/seanhuebl/unity-wealth/internal/database/transactions.sql.go:97.35,99.3 1 0
github.com/seanhuebl/unity-wealth/internal/database/transactions.sql.go:100.2,100.19 1 0
github.com/seanhuebl/unity-wealth/internal/database/transactions.sql.go:112.90,117.2 4 0
github.com/seanhuebl/unity-wealth/internal/database/transactions.sql.go:126.95,128.16 2 0
github.com/seanhuebl/unity-wealth/internal/database/transactions.sql.go:128.16,130.3 1 0
github.com/seanhuebl/unity-wealth/internal/database/transactions.sql.go:131.2,133.18 3 0
github.com/seanhuebl/unity-wealth/internal/database/transactions.sql.go:133.18,135.51 2 0
github.com/seanhuebl/unity-wealth/internal/database/transactions.sql.go:135.51,137.4 1 0
github.com/seanhuebl/unity-wealth/internal/database/transactions.sql.go:138.3,138.27 1 0
github.com/seanhuebl/unity-wealth/internal/database/transactions.sql.go:140.2,140.37 1 0
github.com/seanhuebl/unity-wealth/internal/database/transactions.sql.go:140.37,142.3 1 0
github.com/seanhuebl/unity-wealth/internal/database/transactions.sql.go:143.2,143.35 1 0
github.com/seanhuebl/unity-wealth/internal/database/transactions.sql.go:143.35,145.3 1 0
github.com/seanhuebl/unity-wealth/internal/database/transactions.sql.go:146.2,146.19 1 0
github.com/seanhuebl/unity-wealth/internal/database/transactions.sql.go:180.132,192.2 4 0
github.com/seanhuebl/unity-wealth/internal/database/transactions.sql.go:227.152,229.16 2 0
github.com/seanhuebl/unity-wealth/internal/database/transactions.sql.go:229.16,231.3 1 0
github.com/seanhuebl/unity-wealth/internal/database/transactions.sql.go:232.2,234.18 3 0
github.com/seanhuebl/unity-wealth/internal/database/transactions.sql.go:234.18,243.17 2 0
github.com/seanhuebl/unity-wealth/internal/database/transactions.sql.go:243.17,245.4 1 0
github.com/seanhuebl/unity-wealth/internal/database/transactions.sql.go:246.3,246.27 1 0
github.com/seanhuebl/unity-wealth/internal/database/transactions.sql.go:248.2,248.37 1 0
github.com/seanhuebl/unity-wealth/internal/database/transactions.sql.go:248.37,250.3 1 0
github.com/seanhuebl/unity-wealth/internal/database/transactions.sql.go:251.2,251.35 1 0
github.com/seanhuebl/unity-wealth/internal/database/transactions.sql.go:251.35,253.3 1 0
github.com/seanhuebl/unity-wealth/internal/database/transactions.sql.go:254.2,254.19 1 0
github.com/seanhuebl/unity-wealth/internal/database/transactions.sql.go:299.152,306.16 2 0
github.com/seanhuebl/unity-wealth/internal/database/transactions.sql.go:306.16,308.3 1 0
github.com/seanhuebl/unity-wealth/internal/database/transactions.sql.go:309.2,311.18 3 0
github.com/seanhuebl/unity-wealth/internal/database/transactions.sql.go:311.18,320.17 2 0
github.com/seanhuebl/unity-wealth/internal/database/transactions.sql.go:320.17,322.4 1 0
github.com/seanhuebl/unity-wealth/internal/database/transactions.sql.go:323.3,323.27 1 0
github.com/seanhuebl/unity-wealth/internal/database/transactions.sql.go:325.2,325.37 1 0
github.com/seanhuebl/unity-wealth/internal/database/transactions.sql.go:325.37,327.3 1 0
github.com/seanhuebl/unity-wealth/internal/database/transactions.sql.go:328.2,328.35 1 0
github.com/seanhuebl/unity-wealth/internal/database/transactions.sql.go:328.35,330.3 1 0
github.com/seanhuebl/unity-wealth/internal/database/transactions.sql.go:331.2,331.19 1 0
github.com/seanhuebl/unity-wealth/internal/database/transactions.sql.go:371.129,390.2 4 0
github.com/seanhuebl/unity-wealth/internal/database/users.sql.go:25.79,28.2 2 0
github.com/seanhuebl/unity-wealth/internal/database/users.sql.go:42.96,47.2 4 0
github.com/seanhuebl/unity-wealth/internal/helpers/get_req_from_ctx.go:11.72,12.68 1 0
github.com/seanhuebl/unity-wealth/internal/helpers/get_req_from_ctx.go:12.68,14.3 1 0
github.com/seanhuebl/unity-wealth/internal/helpers/get_req_from_ctx.go:15.2,15.61 1 0
github.com/seanhuebl/unity-wealth/internal/helpers/get_userid_from_ctx.go:13.56,15.42 1 0
github.com/seanhuebl/unity-wealth/internal/helpers/get_userid_from_ctx.go:15.42,16.102 1 0
github.com/seanhuebl/unity-wealth/internal/helpers/get_userid_from_ctx.go:16.102,17.41 1 0
github.com/seanhuebl/unity-wealth/internal/helpers/get_userid_from_ctx.go:17.41,19.5 1 0
github.com/seanhuebl/unity-wealth/internal/helpers/get_userid_from_ctx.go:20.4,20.54 1 0
github.com/seanhuebl/unity-wealth/internal/helpers/get_userid_from_ctx.go:23.2,23.74 1 0
github.com/seanhuebl/unity-wealth/internal/helpers/get_userid_from_ctx.go:23.74,24.40 1 0
github.com/seanhuebl/unity-wealth/internal/helpers/get_userid_from_ctx.go:24.40,26.4 1 0
github.com/seanhuebl/unity-wealth/internal/helpers/get_userid_from_ctx.go:26.9,28.4 1 0
github.com/seanhuebl/unity-wealth/internal/helpers/get_userid_from_ctx.go:30.2,30.61 1 0
github.com/seanhuebl/unity-wealth/internal/helpers/transaction.go:12.43,18.2 4 0
github.com/seanhuebl/unity-wealth/internal/helpers/transaction.go:20.43,25.2 4 0
github.com/seanhuebl/unity-wealth/internal/helpers/transaction.go:29.13,38.2 1 0
github.com/seanhuebl/unity-wealth/internal/helpers/transaction.go:40.68,41.25 1 0
github.com/seanhuebl/unity-wealth/internal/helpers/transaction.go:41.25,44.3 2 0
github.com/seanhuebl/unity-wealth/internal/helpers/transaction.go:45.2,45.12 1 0
github.com/seanhuebl/unity-wealth/internal/helpers/transaction.go:48.63,50.20 2 0
github.com/seanhuebl/unity-wealth/internal/helpers/transaction.go:50.20,52.3 1 0
github.com/seanhuebl/unity-wealth/internal/helpers/transaction.go:53.2,53.12 1 0
github.com/seanhuebl/unity-wealth/internal/helpers/valid_uuid.go:11.72,13.16 2 0
github.com/seanhuebl/unity-wealth/internal/helpers/valid_uuid.go:14.14,14.14 0 0
github.com/seanhuebl/unity-wealth/internal/helpers/valid_uuid.go:16.10,22.25 2 0
github.com/seanhuebl/unity-wealth/internal/helpers/valid_uuid.go:24.2,25.16 2 0
github.com/seanhuebl/unity-wealth/internal/helpers/valid_uuid.go:25.16,32.3 2 0
github.com/seanhuebl/unity-wealth/internal/helpers/valid_uuid.go:34.2,34.17 1 0
github.com/seanhuebl/unity-wealth/internal/helpers/validate_claims.go:10.70,12.13 2 0
github.com/seanhuebl/unity-wealth/internal/helpers/validate_claims.go:12.13,14.3 1 0
github.com/seanhuebl/unity-wealth/internal/helpers/validate_claims.go:16.2,17.9 2 0
github.com/seanhuebl/unity-wealth/internal/helpers/validate_claims.go:17.9,19.3 1 0
github.com/seanhuebl/unity-wealth/internal/helpers/validate_claims.go:20.2,20.20 1 0
github.com/seanhuebl/unity-wealth/internal/middleware/claims_auth.go:13.61,14.32 1 0
github.com/seanhuebl/unity-wealth/internal/middleware/claims_auth.go:14.32,16.17 2 0
github.com/seanhuebl/unity-wealth/internal/middleware/claims_auth.go:16.17,21.4 2 0
github.com/seanhuebl/unity-wealth/internal/middleware/claims_auth.go:23.3,24.17 2 0
github.com/seanhuebl/unity-wealth/internal/middleware/claims_auth.go:24.17,29.4 2 0
github.com/seanhuebl/unity-wealth/internal/middleware/claims_auth.go:31.3,38.13 6 0
github.com/seanhuebl/unity-wealth/internal/middleware/middleware.go:12.98,14.2 1 1
github.com/seanhuebl/unity-wealth/internal/middleware/pagination.go:12.49,13.30 1 0
github.com/seanhuebl/unity-wealth/internal/middleware/pagination.go:13.30,18.34 4 0
github.com/seanhuebl/unity-wealth/internal/middleware/pagination.go:18.34,23.4 2 0
github.com/seanhuebl/unity-wealth/internal/middleware/pagination.go:25.3,28.11 4 0
github.com/seanhuebl/unity-wealth/internal/middleware/request_id.go:11.50,12.30 1 0
github.com/seanhuebl/unity-wealth/internal/middleware/request_id.go:12.30,15.17 3 0
github.com/seanhuebl/unity-wealth/internal/middleware/request_id.go:15.17,17.4 1 0
github.com/seanhuebl/unity-wealth/internal/middleware/request_id.go:19.3,22.11 4 0
github.com/seanhuebl/unity-wealth/internal/middleware/user_auth.go:9.59,10.32 1 1
github.com/seanhuebl/unity-wealth/internal/middleware/user_auth.go:10.32,13.17 2 1
github.com/seanhuebl/unity-wealth/internal/middleware/user_auth.go:13.17,18.4 2 1
github.com/seanhuebl/unity-wealth/internal/middleware/user_auth.go:19.3,20.17 2 1
github.com/seanhuebl/unity-wealth/internal/middleware/user_auth.go:20.17,25.4 2 1
github.com/seanhuebl/unity-wealth/internal/middleware/user_auth.go:27.3,28.13 2 1
github.com/seanhuebl/unity-wealth/internal/mocks/auth/PasswordHasher.go:13.81,16.19 2 0
github.com/seanhuebl/unity-wealth/internal/mocks/auth/PasswordHasher.go:16.19,17.59 1 0
github.com/seanhuebl/unity-wealth/internal/mocks/auth/PasswordHasher.go:20.2,21.59 2 0
github.com/seanhuebl/unity-wealth/internal/mocks/auth/PasswordHasher.go:21.59,23.3 1 0
github.com/seanhuebl/unity-wealth/internal/mocks/auth/PasswordHasher.go:23.8,25.3 1 0
github.com/seanhuebl/unity-wealth/internal/mocks/auth/PasswordHasher.go:27.2,27.11 1 0
github.com/seanhuebl/unity-wealth/internal/mocks/auth/PasswordHasher.go:31.73,34.19 2 0
github.com/seanhuebl/unity-wealth/internal/mocks/auth/PasswordHasher.go:34.19,35.54 1 0
github.com/seanhuebl/unity-wealth/internal/mocks/auth/PasswordHasher.go:38.2,40.61 3 0
github.com/seanhuebl/unity-wealth/internal/mocks/auth/PasswordHasher.go:40.61,42.3 1 0
github.com/seanhuebl/unity-wealth/internal/mocks/auth/PasswordHasher.go:43.2,43.52 1 0
github.com/seanhuebl/unity-wealth/internal/mocks/auth/PasswordHasher.go:43.52,45.3 1 0
github.com/seanhuebl/unity-wealth/internal/mocks/auth/PasswordHasher.go:45.8,47.3 1 0
github.com/seanhuebl/unity-wealth/internal/mocks/auth/PasswordHasher.go:49.2,49.51 1 0
github.com/seanhuebl/unity-wealth/internal/mocks/auth/PasswordHasher.go:49.51,51.3 1 0
github.com/seanhuebl/unity-wealth/internal/mocks/auth/PasswordHasher.go:51.8,53.3 1 0
github.com/seanhuebl/unity-wealth/internal/mocks/auth/PasswordHasher.go:55.2,55.15 1 0
github.com/seanhuebl/unity-wealth/internal/mocks/auth/PasswordHasher.go:63.20,67.19 3 0
github.com/seanhuebl/unity-wealth/internal/mocks/auth/PasswordHasher.go:67.19,67.49 1 0
github.com/seanhuebl/unity-wealth/internal/mocks/auth/PasswordHasher.go:69.2,69.13 1 0
github.com/seanhuebl/unity-wealth/internal/mocks/auth/TokenExtractor.go:17.74,20.19 2 0
github.com/seanhuebl/unity-wealth/internal/mocks/auth/TokenExtractor.go:20.19,21.51 1 0
github.com/seanhuebl/unity-wealth/internal/mocks/auth/TokenExtractor.go:24.2,26.66 3 0
github.com/seanhuebl/unity-wealth/internal/mocks/auth/TokenExtractor.go:26.66,28.3 1 0
github.com/seanhuebl/unity-wealth/internal/mocks/auth/TokenExtractor.go:29.2,29.57 1 0
github.com/seanhuebl/unity-wealth/internal/mocks/auth/TokenExtractor.go:29.57,31.3 1 0
github.com/seanhuebl/unity-wealth/internal/mocks/auth/TokenExtractor.go:31.8,33.3 1 0
github.com/seanhuebl/unity-wealth/internal/mocks/auth/TokenExtractor.go:35.2,35.56 1 0
github.com/seanhuebl/unity-wealth/internal/mocks/auth/TokenExtractor.go:35.56,37.3 1 0
github.com/seanhuebl/unity-wealth/internal/mocks/auth/TokenExtractor.go:37.8,39.3 1 0
github.com/seanhuebl/unity-wealth/internal/mocks/auth/TokenExtractor.go:41.2,41.15 1 0
github.com/seanhuebl/unity-wealth/internal/mocks/auth/TokenExtractor.go:45.79,48.19 2 0
github.com/seanhuebl/unity-wealth/internal/mocks/auth/TokenExtractor.go:48.19,49.56 1 0
github.com/seanhuebl/unity-wealth/internal/mocks/auth/TokenExtractor.go:52.2,54.66 3 0
github.com/seanhuebl/unity-wealth/internal/mocks/auth/TokenExtractor.go:54.66,56.3 1 0
github.com/seanhuebl/unity-wealth/internal/mocks/auth/TokenExtractor.go:57.2,57.57 1 0
github.com/seanhuebl/unity-wealth/internal/mocks/auth/TokenExtractor.go:57.57,59.3 1 0
github.com/seanhuebl/unity-wealth/internal/mocks/auth/TokenExtractor.go:59.8,61.3 1 0
github.com/seanhuebl/unity-wealth/internal/mocks/auth/TokenExtractor.go:63.2,63.56 1 0
github.com/seanhuebl/unity-wealth/internal/mocks/auth/TokenExtractor.go:63.56,65.3 1 0
github.com/seanhuebl/unity-wealth/internal/mocks/auth/TokenExtractor.go:65.8,67.3 1 0
github.com/seanhuebl/unity-wealth/internal/mocks/auth/TokenExtractor.go:69.2,69.15 1 0
github.com/seanhuebl/unity-wealth/internal/mocks/auth/TokenExtractor.go:77.20,81.19 3 0
github.com/seanhuebl/unity-wealth/internal/mocks/auth/TokenExtractor.go:81.19,81.49 1 0
github.com/seanhuebl/unity-wealth/internal/mocks/auth/TokenExtractor.go:83.2,83.13 1 0
github.com/seanhuebl/unity-wealth/internal/mocks/auth/TokenGenerator.go:20.94,23.19 2 0
github.com/seanhuebl/unity-wealth/internal/mocks/auth/TokenGenerator.go:23.19,24.49 1 0
github.com/seanhuebl/unity-wealth/internal/mocks/auth/TokenGenerator.go:27.2,29.79 3 0
github.com/seanhuebl/unity-wealth/internal/mocks/auth/TokenGenerator.go:29.79,31.3 1 0
github.com/seanhuebl/unity-wealth/internal/mocks/auth/TokenGenerator.go:32.2,32.70 1 0
github.com/seanhuebl/unity-wealth/internal/mocks/auth/TokenGenerator.go:32.70,34.3 1 0
github.com/seanhuebl/unity-wealth/internal/mocks/auth/TokenGenerator.go:34.8,36.3 1 0
github.com/seanhuebl/unity-wealth/internal/mocks/auth/TokenGenerator.go:38.2,38.69 1 0
github.com/seanhuebl/unity-wealth/internal/mocks/auth/TokenGenerator.go:38.69,40.3 1 0
github.com/seanhuebl/unity-wealth/internal/mocks/auth/TokenGenerator.go:40.8,42.3 1 0
github.com/seanhuebl/unity-wealth/internal/mocks/auth/TokenGenerator.go:44.2,44.15 1 0
github.com/seanhuebl/unity-wealth/internal/mocks/auth/TokenGenerator.go:48.62,51.19 2 0
github.com/seanhuebl/unity-wealth/internal/mocks/auth/TokenGenerator.go:51.19,52.58 1 0
github.com/seanhuebl/unity-wealth/internal/mocks/auth/TokenGenerator.go:55.2,57.55 3 0
github.com/seanhuebl/unity-wealth/internal/mocks/auth/TokenGenerator.go:57.55,59.3 1 0
github.com/seanhuebl/unity-wealth/internal/mocks/auth/TokenGenerator.go:60.2,60.46 1 0
github.com/seanhuebl/unity-wealth/internal/mocks/auth/TokenGenerator.go:60.46,62.3 1 0
github.com/seanhuebl/unity-wealth/internal/mocks/auth/TokenGenerator.go:62.8,64.3 1 0
github.com/seanhuebl/unity-wealth/internal/mocks/auth/TokenGenerator.go:66.2,66.45 1 0
github.com/seanhuebl/unity-wealth/internal/mocks/auth/TokenGenerator.go:66.45,68.3 1 0
github.com/seanhuebl/unity-wealth/internal/mocks/auth/TokenGenerator.go:68.8,70.3 1 0
github.com/seanhuebl/unity-wealth/internal/mocks/auth/TokenGenerator.go:72.2,72.15 1 0
github.com/seanhuebl/unity-wealth/internal/mocks/auth/TokenGenerator.go:76.90,79.19 2 0
github.com/seanhuebl/unity-wealth/internal/mocks/auth/TokenGenerator.go:79.19,80.53 1 0
github.com/seanhuebl/unity-wealth/internal/mocks/auth/TokenGenerator.go:83.2,85.76 3 0
github.com/seanhuebl/unity-wealth/internal/mocks/auth/TokenGenerator.go:85.76,87.3 1 0
github.com/seanhuebl/unity-wealth/internal/mocks/auth/TokenGenerator.go:88.2,88.67 1 0
github.com/seanhuebl/unity-wealth/internal/mocks/auth/TokenGenerator.go:88.67,90.3 1 0
github.com/seanhuebl/unity-wealth/internal/mocks/auth/TokenGenerator.go:90.8,91.24 1 0
github.com/seanhuebl/unity-wealth/internal/mocks/auth/TokenGenerator.go:91.24,93.4 1 0
github.com/seanhuebl/unity-wealth/internal/mocks/auth/TokenGenerator.go:96.2,96.51 1 0
github.com/seanhuebl/unity-wealth/internal/mocks/auth/TokenGenerator.go:96.51,98.3 1 0
github.com/seanhuebl/unity-wealth/internal/mocks/auth/TokenGenerator.go:98.8,100.3 1 0
github.com/seanhuebl/unity-wealth/internal/mocks/auth/TokenGenerator.go:102.2,102.15 1 0
github.com/seanhuebl/unity-wealth/internal/mocks/auth/TokenGenerator.go:110.20,114.19 3 0
github.com/seanhuebl/unity-wealth/internal/mocks/auth/TokenGenerator.go:114.19,114.49 1 0
github.com/seanhuebl/unity-wealth/internal/mocks/auth/TokenGenerator.go:116.2,116.13 1 0
github.com/seanhuebl/unity-wealth/internal/mocks/database/DBTX.go:19.102,25.19 5 0
github.com/seanhuebl/unity-wealth/internal/mocks/database/DBTX.go:25.19,26.53 1 0
github.com/seanhuebl/unity-wealth/internal/mocks/database/DBTX.go:29.2,31.98 3 0
github.com/seanhuebl/unity-wealth/internal/mocks/database/DBTX.go:31.98,33.3 1 0
github.com/seanhuebl/unity-wealth/internal/mocks/database/DBTX.go:34.2,34.89 1 0
github.com/seanhuebl/unity-wealth/internal/mocks/database/DBTX.go:34.89,36.3 1 0
github.com/seanhuebl/unity-wealth/internal/mocks/database/DBTX.go:36.8,37.24 1 0
github.com/seanhuebl/unity-wealth/internal/mocks/database/DBTX.go:37.24,39.4 1 0
github.com/seanhuebl/unity-wealth/internal/mocks/database/DBTX.go:42.2,42.84 1 0
github.com/seanhuebl/unity-wealth/internal/mocks/database/DBTX.go:42.84,44.3 1 0
github.com/seanhuebl/unity-wealth/internal/mocks/database/DBTX.go:44.8,46.3 1 0
github.com/seanhuebl/unity-wealth/internal/mocks/database/DBTX.go:48.2,48.15 1 0
github.com/seanhuebl/unity-wealth/internal/mocks/database/DBTX.go:52.84,55.19 2 0
github.com/seanhuebl/unity-wealth/internal/mocks/database/DBTX.go:55.19,56.56 1 0
github.com/seanhuebl/unity-wealth/internal/mocks/database/DBTX.go:59.2,61.81 3 0
github.com/seanhuebl/unity-wealth/internal/mocks/database/DBTX.go:61.81,63.3 1 0
github.com/seanhuebl/unity-wealth/internal/mocks/database/DBTX.go:64.2,64.72 1 0
github.com/seanhuebl/unity-wealth/internal/mocks/database/DBTX.go:64.72,66.3 1 0
github.com/seanhuebl/unity-wealth/internal/mocks/database/DBTX.go:66.8,67.24 1 0
github.com/seanhuebl/unity-wealth/internal/mocks/database/DBTX.go:67.24,69.4 1 0
github.com/seanhuebl/unity-wealth/internal/mocks/database/DBTX.go:72.2,72.68 1 0
github.com/seanhuebl/unity-wealth/internal/mocks/database/DBTX.go:72.68,74.3 1 0
github.com/seanhuebl/unity-wealth/internal/mocks/database/DBTX.go:74.8,76.3 1 0
github.com/seanhuebl/unity-wealth/internal/mocks/database/DBTX.go:78.2,78.15 1 0
github.com/seanhuebl/unity-wealth/internal/mocks/database/DBTX.go:82.102,88.19 5 0
github.com/seanhuebl/unity-wealth/internal/mocks/database/DBTX.go:88.19,89.54 1 0
github.com/seanhuebl/unity-wealth/internal/mocks/database/DBTX.go:92.2,94.97 3 0
github.com/seanhuebl/unity-wealth/internal/mocks/database/DBTX.go:94.97,96.3 1 0
github.com/seanhuebl/unity-wealth/internal/mocks/database/DBTX.go:97.2,97.88 1 0
github.com/seanhuebl/unity-wealth/internal/mocks/database/DBTX.go:97.88,99.3 1 0
github.com/seanhuebl/unity-wealth/internal/mocks/database/DBTX.go:99.8,100.24 1 0
github.com/seanhuebl/unity-wealth/internal/mocks/database/DBTX.go:100.24,102.4 1 0
github.com/seanhuebl/unity-wealth/internal/mocks/database/DBTX.go:105.2,105.84 1 0
github.com/seanhuebl/unity-wealth/internal/mocks/database/DBTX.go:105.84,107.3 1 0
github.com/seanhuebl/unity-wealth/internal/mocks/database/DBTX.go:107.8,109.3 1 0
github.com/seanhuebl/unity-wealth/internal/mocks/database/DBTX.go:111.2,111.15 1 0
github.com/seanhuebl/unity-wealth/internal/mocks/database/DBTX.go:115.95,121.19 5 0
github.com/seanhuebl/unity-wealth/internal/mocks/database/DBTX.go:121.19,122.57 1 0
github.com/seanhuebl/unity-wealth/internal/mocks/database/DBTX.go:125.2,126.87 2 0
github.com/seanhuebl/unity-wealth/internal/mocks/database/DBTX.go:126.87,128.3 1 0
github.com/seanhuebl/unity-wealth/internal/mocks/database/DBTX.go:128.8,129.24 1 0
github.com/seanhuebl/unity-wealth/internal/mocks/database/DBTX.go:129.24,131.4 1 0
github.com/seanhuebl/unity-wealth/internal/mocks/database/DBTX.go:134.2,134.11 1 0
github.com/seanhuebl/unity-wealth/internal/mocks/database/DBTX.go:142.10,146.19 3 0
github.com/seanhuebl/unity-wealth/internal/mocks/database/DBTX.go:146.19,146.49 1 0
github.com/seanhuebl/unity-wealth/internal/mocks/database/DBTX.go:148.2,148.13 1 0
github.com/seanhuebl/unity-wealth/internal/mocks/database/DeviceQuerier.go:20.120,23.19 2 0
github.com/seanhuebl/unity-wealth/internal/mocks/database/DeviceQuerier.go:23.19,24.58 1 0
github.com/seanhuebl/unity-wealth/internal/mocks/database/DeviceQuerier.go:27.2,29.106 3 0
github.com/seanhuebl/unity-wealth/internal/mocks/database/DeviceQuerier.go:29.106,31.3 1 0
github.com/seanhuebl/unity-wealth/internal/mocks/database/DeviceQuerier.go:32.2,32.97 1 0
github.com/seanhuebl/unity-wealth/internal/mocks/database/DeviceQuerier.go:32.97,34.3 1 0
github.com/seanhuebl/unity-wealth/internal/mocks/database/DeviceQuerier.go:34.8,35.24 1 0
github.com/seanhuebl/unity-wealth/internal/mocks/database/DeviceQuerier.go:35.24,37.4 1 0
github.com/seanhuebl/unity-wealth/internal/mocks/database/DeviceQuerier.go:40.2,40.93 1 0
github.com/seanhuebl/unity-wealth/internal/mocks/database/DeviceQuerier.go:40.93,42.3 1 0
github.com/seanhuebl/unity-wealth/internal/mocks/database/DeviceQuerier.go:42.8,44.3 1 0
github.com/seanhuebl/unity-wealth/internal/mocks/database/DeviceQuerier.go:46.2,46.15 1 0
github.com/seanhuebl/unity-wealth/internal/mocks/database/DeviceQuerier.go:50.126,53.19 2 0
github.com/seanhuebl/unity-wealth/internal/mocks/database/DeviceQuerier.go:53.19,54.61 1 0
github.com/seanhuebl/unity-wealth/internal/mocks/database/DeviceQuerier.go:57.2,59.109 3 0
github.com/seanhuebl/unity-wealth/internal/mocks/database/DeviceQuerier.go:59.109,61.3 1 0
github.com/seanhuebl/unity-wealth/internal/mocks/database/DeviceQuerier.go:62.2,62.100 1 0
github.com/seanhuebl/unity-wealth/internal/mocks/database/DeviceQuerier.go:62.100,64.3 1 0
github.com/seanhuebl/unity-wealth/internal/mocks/database/DeviceQuerier.go:64.8,65.24 1 0
github.com/seanhuebl/unity-wealth/internal/mocks/database/DeviceQuerier.go:65.24,67.4 1 0
github.com/seanhuebl/unity-wealth/internal/mocks/database/DeviceQuerier.go:70.2,70.96 1 0
github.com/seanhuebl/unity-wealth/internal/mocks/database/DeviceQuerier.go:70.96,72.3 1 0
github.com/seanhuebl/unity-wealth/internal/mocks/database/DeviceQuerier.go:72.8,74.3 1 0
github.com/seanhuebl/unity-wealth/internal/mocks/database/DeviceQuerier.go:76.2,76.15 1 0
github.com/seanhuebl/unity-wealth/internal/mocks/database/DeviceQuerier.go:84.19,88.19 3 0
github.com/seanhuebl/unity-wealth/internal/mocks/database/DeviceQuerier.go:88.19,88.49 1 0
github.com/seanhuebl/unity-wealth/internal/mocks/database/DeviceQuerier.go:90.2,90.13 1 0
github.com/seanhuebl/unity-wealth/internal/mocks/database/SqlTransactionalQuerier.go:24.103,27.19 2 0
github.com/seanhuebl/unity-wealth/internal/mocks/database/SqlTransactionalQuerier.go:27.19,28.49 1 0
github.com/seanhuebl/unity-wealth/internal/mocks/database/SqlTransactionalQuerier.go:31.2,33.87 3 0
github.com/seanhuebl/unity-wealth/internal/mocks/database/SqlTransactionalQuerier.go:33.87,35.3 1 0
github.com/seanhuebl/unity-wealth/internal/mocks/database/SqlTransactionalQuerier.go:36.2,36.78 1 0
github.com/seanhuebl/unity-wealth/internal/mocks/database/SqlTransactionalQuerier.go:36.78,38.3 1 0
github.com/seanhuebl/unity-wealth/internal/mocks/database/SqlTransactionalQuerier.go:38.8,39.24 1 0
github.com/seanhuebl/unity-wealth/internal/mocks/database/SqlTransactionalQuerier.go:39.24,41.4 1 0
github.com/seanhuebl/unity-wealth/internal/mocks/database/SqlTransactionalQuerier.go:44.2,44.76 1 0
github.com/seanhuebl/unity-wealth/internal/mocks/database/SqlTransactionalQuerier.go:44.76,46.3 1 0
github.com/seanhuebl/unity-wealth/internal/mocks/database/SqlTransactionalQuerier.go:46.8,48.3 1 0
github.com/seanhuebl/unity-wealth/internal/mocks/database/SqlTransactionalQuerier.go:50.2,50.15 1 0
github.com/seanhuebl/unity-wealth/internal/mocks/database/SqlTransactionalQuerier.go:54.130,57.19 2 0
github.com/seanhuebl/unity-wealth/internal/mocks/database/SqlTransactionalQuerier.go:57.19,58.58 1 0
github.com/seanhuebl/unity-wealth/internal/mocks/database/SqlTransactionalQuerier.go:61.2,63.106 3 0
github.com/seanhuebl/unity-wealth/internal/mocks/database/SqlTransactionalQuerier.go:63.106,65.3 1 0
github.com/seanhuebl/unity-wealth/internal/mocks/database/SqlTransactionalQuerier.go:66.2,66.97 1 0
github.com/seanhuebl/unity-wealth/internal/mocks/database/SqlTransactionalQuerier.go:66.97,68.3 1 0
github.com/seanhuebl/unity-wealth/internal/mocks/database/SqlTransactionalQuerier.go:68.8,69.24 1 0
github.com/seanhuebl/unity-wealth/internal/mocks/database/SqlTransactionalQuerier.go:69.24,71.4 1 0
github.com/seanhuebl/unity-wealth/internal/mocks/database/SqlTransactionalQuerier.go:74.2,74.93 1 0
github.com/seanhuebl/unity-wealth/internal/mocks/database/SqlTransactionalQuerier.go:74.93,76.3 1 0
github.com/seanhuebl/unity-wealth/internal/mocks/database/SqlTransactionalQuerier.go:76.8,78.3 1 0
github.com/seanhuebl/unity-wealth/internal/mocks/database/SqlTransactionalQuerier.go:80.2,80.15 1 0
github.com/seanhuebl/unity-wealth/internal/mocks/database/SqlTransactionalQuerier.go:84.121,87.19 2 0
github.com/seanhuebl/unity-wealth/internal/mocks/database/SqlTransactionalQuerier.go:87.19,88.60 1 0
github.com/seanhuebl/unity-wealth/internal/mocks/database/SqlTransactionalQuerier.go:91.2,92.95 2 0
github.com/seanhuebl/unity-wealth/internal/mocks/database/SqlTransactionalQuerier.go:92.95,94.3 1 0
github.com/seanhuebl/unity-wealth/internal/mocks/database/SqlTransactionalQuerier.go:94.8,96.3 1 0
github.com/seanhuebl/unity-wealth/internal/mocks/database/SqlTransactionalQuerier.go:98.2,98.11 1 0
github.com/seanhuebl/unity-wealth/internal/mocks/database/SqlTransactionalQuerier.go:102.119,105.19 2 0
github.com/seanhuebl/unity-wealth/internal/mocks/database/SqlTransactionalQuerier.go:105.19,106.59 1 0
github.com/seanhuebl/unity-wealth/internal/mocks/database/SqlTransactionalQuerier.go:109.2,110.94 2 0
github.com/seanhuebl/unity-wealth/internal/mocks/database/SqlTransactionalQuerier.go:110.94,112.3 1 0
github.com/seanhuebl/unity-wealth/internal/mocks/database/SqlTransactionalQuerier.go:112.8,114.3 1 0
github.com/seanhuebl/unity-wealth/internal/mocks/database/SqlTransactionalQuerier.go:116.2,116.11 1 0
github.com/seanhuebl/unity-wealth/internal/mocks/database/SqlTransactionalQuerier.go:120.108,123.19 2 0
github.com/seanhuebl/unity-wealth/internal/mocks/database/SqlTransactionalQuerier.go:123.19,124.52 1 0
github.com/seanhuebl/unity-wealth/internal/mocks/database/SqlTransactionalQuerier.go:127.2,128.87 2 0
github.com/seanhuebl/unity-wealth/internal/mocks/database/SqlTransactionalQuerier.go:128.87,130.3 1 0
github.com/seanhuebl/unity-wealth/internal/mocks/database/SqlTransactionalQuerier.go:130.8,132.3 1 0
github.com/seanhuebl/unity-wealth/internal/mocks/database/SqlTransactionalQuerier.go:134.2,134.11 1 0
github.com/seanhuebl/unity-wealth/internal/mocks/database/SqlTransactionalQuerier.go:138.141,141.19 2 0
github.com/seanhuebl/unity-wealth/internal/mocks/database/SqlTransactionalQuerier.go:141.19,142.63 1 0
github.com/seanhuebl/unity-wealth/internal/mocks/database/SqlTransactionalQuerier.go:145.2,147.112 3 0
github.com/seanhuebl/unity-wealth/internal/mocks/database/SqlTransactionalQuerier.go:147.112,149.3 1 0
github.com/seanhuebl/unity-wealth/internal/mocks/database/SqlTransactionalQuerier.go:150.2,150.103 1 0
github.com/seanhuebl/unity-wealth/internal/mocks/database/SqlTransactionalQuerier.go:150.103,152.3 1 0
github.com/seanhuebl/unity-wealth/internal/mocks/database/SqlTransactionalQuerier.go:152.8,153.24 1 0
github.com/seanhuebl/unity-wealth/internal/mocks/database/SqlTransactionalQuerier.go:153.24,155.4 1 0
github.com/seanhuebl/unity-wealth/internal/mocks/database/SqlTransactionalQuerier.go:158.2,158.98 1 0
github.com/seanhuebl/unity-wealth/internal/mocks/database/SqlTransactionalQuerier.go:158.98,160.3 1 0
github.com/seanhuebl/unity-wealth/internal/mocks/database/SqlTransactionalQuerier.go:160.8,162.3 1 0
github.com/seanhuebl/unity-wealth/internal/mocks/database/SqlTransactionalQuerier.go:164.2,164.15 1 0
github.com/seanhuebl/unity-wealth/internal/mocks/database/SqlTransactionalQuerier.go:168.114,171.19 2 0
github.com/seanhuebl/unity-wealth/internal/mocks/database/SqlTransactionalQuerier.go:171.19,172.63 1 0
github.com/seanhuebl/unity-wealth/internal/mocks/database/SqlTransactionalQuerier.go:175.2,177.89 3 0
github.com/seanhuebl/unity-wealth/internal/mocks/database/SqlTransactionalQuerier.go:177.89,179.3 1 0
github.com/seanhuebl/unity-wealth/internal/mocks/database/SqlTransactionalQuerier.go:180.2,180.80 1 0
github.com/seanhuebl/unity-wealth/internal/mocks/database/SqlTransactionalQuerier.go:180.80,182.3 1 0
github.com/seanhuebl/unity-wealth/internal/mocks/database/SqlTransactionalQuerier.go:182.8,183.24 1 0
github.com/seanhuebl/unity-wealth/internal/mocks/database/SqlTransactionalQuerier.go:183.24,185.4 1 0
github.com/seanhuebl/unity-wealth/internal/mocks/database/SqlTransactionalQuerier.go:188.2,188.60 1 0
github.com/seanhuebl/unity-wealth/internal/mocks/database/SqlTransactionalQuerier.go:188.60,190.3 1 0
github.com/seanhuebl/unity-wealth/internal/mocks/database/SqlTransactionalQuerier.go:190.8,192.3 1 0
github.com/seanhuebl/unity-wealth/internal/mocks/database/SqlTransactionalQuerier.go:194.2,194.15 1 0
github.com/seanhuebl/unity-wealth/internal/mocks/database/SqlTransactionalQuerier.go:198.107,201.19 2 0
github.com/seanhuebl/unity-wealth/internal/mocks/database/SqlTransactionalQuerier.go:201.19,202.63 1 0
github.com/seanhuebl/unity-wealth/internal/mocks/database/SqlTransactionalQuerier.go:205.2,207.77 3 0
github.com/seanhuebl/unity-wealth/internal/mocks/database/SqlTransactionalQuerier.go:207.77,209.3 1 0
github.com/seanhuebl/unity-wealth/internal/mocks/database/SqlTransactionalQuerier.go:210.2,210.68 1 0
github.com/seanhuebl/unity-wealth/internal/mocks/database/SqlTransactionalQuerier.go:210.68,212.3 1 0
github.com/seanhuebl/unity-wealth/internal/mocks/database/SqlTransactionalQuerier.go:212.8,214.3 1 0
github.com/seanhuebl/unity-wealth/internal/mocks/database/SqlTransactionalQuerier.go:216.2,216.68 1 0
github.com/seanhuebl/unity-wealth/internal/mocks/database/SqlTransactionalQuerier.go:216.68,218.3 1 0
github.com/seanhuebl/unity-wealth/internal/mocks/database/SqlTransactionalQuerier.go:218.8,220.3 1 0
github.com/seanhuebl/unity-wealth/internal/mocks/database/SqlTransactionalQuerier.go:222.2,222.15 1 0
github.com/seanhuebl/unity-wealth/internal/mocks/database/SqlTransactionalQuerier.go:226.136,229.19 2 0
github.com/seanhuebl/unity-wealth/internal/mocks/database/SqlTransactionalQuerier.go:229.19,230.61 1 0
github.com/seanhuebl/unity-wealth/internal/mocks/database/SqlTransactionalQuerier.go:233.2,235.109 3 0
github.com/seanhuebl/unity-wealth/internal/mocks/database/SqlTransactionalQuerier.go:235.109,237.3 1 0
github.com/seanhuebl/unity-wealth/internal/mocks/database/SqlTransactionalQuerier.go:238.2,238.100 1 0
github.com/seanhuebl/unity-wealth/internal/mocks/database/SqlTransactionalQuerier.go:238.100,240.3 1 0
github.com/seanhuebl/unity-wealth/internal/mocks/database/SqlTransactionalQuerier.go:240.8,241.24 1 0
github.com/seanhuebl/unity-wealth/internal/mocks/database/SqlTransactionalQuerier.go:241.24,243.4 1 0
github.com/seanhuebl/unity-wealth/internal/mocks/database/SqlTransactionalQuerier.go:246.2,246.96 1 0
github.com/seanhuebl/unity-wealth/internal/mocks/database/SqlTransactionalQuerier.go:246.96,248.3 1 0
github.com/seanhuebl/unity-wealth/internal/mocks/database/SqlTransactionalQuerier.go:248.8,250.3 1 0
github.com/seanhuebl/unity-wealth/internal/mocks/database/SqlTransactionalQuerier.go:252.2,252.15 1 0
github.com/seanhuebl/unity-wealth/internal/mocks/database/SqlTransactionalQuerier.go:256.112,259.19 2 0
github.com/seanhuebl/unity-wealth/internal/mocks/database/SqlTransactionalQuerier.go:259.19,260.62 1 0
github.com/seanhuebl/unity-wealth/internal/mocks/database/SqlTransactionalQuerier.go:263.2,265.88 3 0
github.com/seanhuebl/unity-wealth/internal/mocks/database/SqlTransactionalQuerier.go:265.88,267.3 1 0
github.com/seanhuebl/unity-wealth/internal/mocks/database/SqlTransactionalQuerier.go:268.2,268.79 1 0
github.com/seanhuebl/unity-wealth/internal/mocks/database/SqlTransactionalQuerier.go:268.79,270.3 1 0
github.com/seanhuebl/unity-wealth/internal/mocks/database/SqlTransactionalQuerier.go:270.8,271.24 1 0
github.com/seanhuebl/unity-wealth/internal/mocks/database/SqlTransactionalQuerier.go:271.24,273.4 1 0
github.com/seanhuebl/unity-wealth/internal/mocks/database/SqlTransactionalQuerier.go:276.2,276.60 1 0
github.com/seanhuebl/unity-wealth/internal/mocks/database/SqlTransactionalQuerier.go:276.60,278.3 1 0
github.com/seanhuebl/unity-wealth/internal/mocks/database/SqlTransactionalQuerier.go:278.8,280.3 1 0
github.com/seanhuebl/unity-wealth/internal/mocks/database/SqlTransactionalQuerier.go:282.2,282.15 1 0
github.com/seanhuebl/unity-wealth/internal/mocks/database/SqlTransactionalQuerier.go:286.158,289.19 2 0
github.com/seanhuebl/unity-wealth/internal/mocks/database/SqlTransactionalQuerier.go:289.19,290.67 1 0
github.com/seanhuebl/unity-wealth/internal/mocks/database/SqlTransactionalQuerier.go:293.2,295.125 3 0
github.com/seanhuebl/unity-wealth/internal/mocks/database/SqlTransactionalQuerier.go:295.125,297.3 1 0
github.com/seanhuebl/unity-wealth/internal/mocks/database/SqlTransactionalQuerier.go:298.2,298.116 1 0
github.com/seanhuebl/unity-wealth/internal/mocks/database/SqlTransactionalQuerier.go:298.116,300.3 1 0
github.com/seanhuebl/unity-wealth/internal/mocks/database/SqlTransactionalQuerier.go:300.8,302.3 1 0
github.com/seanhuebl/unity-wealth/internal/mocks/database/SqlTransactionalQuerier.go:304.2,304.102 1 0
github.com/seanhuebl/unity-wealth/internal/mocks/database/SqlTransactionalQuerier.go:304.102,306.3 1 0
github.com/seanhuebl/unity-wealth/internal/mocks/database/SqlTransactionalQuerier.go:306.8,308.3 1 0
github.com/seanhuebl/unity-wealth/internal/mocks/database/SqlTransactionalQuerier.go:310.2,310.15 1 0
github.com/seanhuebl/unity-wealth/internal/mocks/database/SqlTransactionalQuerier.go:314.122,317.19 2 0
github.com/seanhuebl/unity-wealth/internal/mocks/database/SqlTransactionalQuerier.go:317.19,318.56 1 0
github.com/seanhuebl/unity-wealth/internal/mocks/database/SqlTransactionalQuerier.go:321.2,323.98 3 0
github.com/seanhuebl/unity-wealth/internal/mocks/database/SqlTransactionalQuerier.go:323.98,325.3 1 0
github.com/seanhuebl/unity-wealth/internal/mocks/database/SqlTransactionalQuerier.go:326.2,326.89 1 0
github.com/seanhuebl/unity-wealth/internal/mocks/database/SqlTransactionalQuerier.go:326.89,328.3 1 0
github.com/seanhuebl/unity-wealth/internal/mocks/database/SqlTransactionalQuerier.go:328.8,330.3 1 0
github.com/seanhuebl/unity-wealth/internal/mocks/database/SqlTransactionalQuerier.go:332.2,332.68 1 0
github.com/seanhuebl/unity-wealth/internal/mocks/database/SqlTransactionalQuerier.go:332.68,334.3 1 0
github.com/seanhuebl/unity-wealth/internal/mocks/database/SqlTransactionalQuerier.go:334.8,336.3 1 0
github.com/seanhuebl/unity-wealth/internal/mocks/database/SqlTransactionalQuerier.go:338.2,338.15 1 0
github.com/seanhuebl/unity-wealth/internal/mocks/database/SqlTransactionalQuerier.go:342.167,345.19 2 0
github.com/seanhuebl/unity-wealth/internal/mocks/database/SqlTransactionalQuerier.go:345.19,346.64 1 0
github.com/seanhuebl/unity-wealth/internal/mocks/database/SqlTransactionalQuerier.go:349.2,351.137 3 0
github.com/seanhuebl/unity-wealth/internal/mocks/database/SqlTransactionalQuerier.go:351.137,353.3 1 0
github.com/seanhuebl/unity-wealth/internal/mocks/database/SqlTransactionalQuerier.go:354.2,354.128 1 0
github.com/seanhuebl/unity-wealth/internal/mocks/database/SqlTransactionalQuerier.go:354.128,356.3 1 0
github.com/seanhuebl/unity-wealth/internal/mocks/database/SqlTransactionalQuerier.go:356.8,358.3 1 0
github.com/seanhuebl/unity-wealth/internal/mocks/database/SqlTransactionalQuerier.go:360.2,360.99 1 0
github.com/seanhuebl/unity-wealth/internal/mocks/database/SqlTransactionalQuerier.go:360.99,362.3 1 0
github.com/seanhuebl/unity-wealth/internal/mocks/database/SqlTransactionalQuerier.go:362.8,364.3 1 0
github.com/seanhuebl/unity-wealth/internal/mocks/database/SqlTransactionalQuerier.go:366.2,366.15 1 0
github.com/seanhuebl/unity-wealth/internal/mocks/database/SqlTransactionalQuerier.go:370.187,373.19 2 0
github.com/seanhuebl/unity-wealth/internal/mocks/database/SqlTransactionalQuerier.go:373.19,374.70 1 0
github.com/seanhuebl/unity-wealth/internal/mocks/database/SqlTransactionalQuerier.go:377.2,379.151 3 0
github.com/seanhuebl/unity-wealth/internal/mocks/database/SqlTransactionalQuerier.go:379.151,381.3 1 0
github.com/seanhuebl/unity-wealth/internal/mocks/database/SqlTransactionalQuerier.go:382.2,382.142 1 0
github.com/seanhuebl/unity-wealth/internal/mocks/database/SqlTransactionalQuerier.go:382.142,384.3 1 0
github.com/seanhuebl/unity-wealth/internal/mocks/database/SqlTransactionalQuerier.go:384.8,385.24 1 0
github.com/seanhuebl/unity-wealth/internal/mocks/database/SqlTransactionalQuerier.go:385.24,387.4 1 0
github.com/seanhuebl/unity-wealth/internal/mocks/database/SqlTransactionalQuerier.go:390.2,390.105 1 0
github.com/seanhuebl/unity-wealth/internal/mocks/database/SqlTransactionalQuerier.go:390.105,392.3 1 0
github.com/seanhuebl/unity-wealth/internal/mocks/database/SqlTransactionalQuerier.go:392.8,394.3 1 0
github.com/seanhuebl/unity-wealth/internal/mocks/database/SqlTransactionalQuerier.go:396.2,396.15 1 0
github.com/seanhuebl/unity-wealth/internal/mocks/database/SqlTransactionalQuerier.go:400.187,403.19 2 0
github.com/seanhuebl/unity-wealth/internal/mocks/database/SqlTransactionalQuerier.go:403.19,404.70 1 0
github.com/seanhuebl/unity-wealth/internal/mocks/database/SqlTransactionalQuerier.go:407.2,409.151 3 0
github.com/seanhuebl/unity-wealth/internal/mocks/database/SqlTransactionalQuerier.go:409.151,411.3 1 0
github.com/seanhuebl/unity-wealth/internal/mocks/database/SqlTransactionalQuerier.go:412.2,412.142 1 0
github.com/seanhuebl/unity-wealth/internal/mocks/database/SqlTransactionalQuerier.go:412.142,414.3 1 0
github.com/seanhuebl/unity-wealth/internal/mocks/database/SqlTransactionalQuerier.go:414.8,415.24 1 0
github.com/seanhuebl/unity-wealth/internal/mocks/database/SqlTransactionalQuerier.go:415.24,417.4 1 0
github.com/seanhuebl/unity-wealth/internal/mocks/database/SqlTransactionalQuerier.go:420.2,420.105 1 0
github.com/seanhuebl/unity-wealth/internal/mocks/database/SqlTransactionalQuerier.go:420.105,422.3 1 0
github.com/seanhuebl/unity-wealth/internal/mocks/database/SqlTransactionalQuerier.go:422.8,424.3 1 0
github.com/seanhuebl/unity-wealth/internal/mocks/database/SqlTransactionalQuerier.go:426.2,426.15 1 0
github.com/seanhuebl/unity-wealth/internal/mocks/database/SqlTransactionalQuerier.go:430.107,433.19 2 0
github.com/seanhuebl/unity-wealth/internal/mocks/database/SqlTransactionalQuerier.go:433.19,434.53 1 0
github.com/seanhuebl/unity-wealth/internal/mocks/database/SqlTransactionalQuerier.go:437.2,438.88 2 0
github.com/seanhuebl/unity-wealth/internal/mocks/database/SqlTransactionalQuerier.go:438.88,440.3 1 0
github.com/seanhuebl/unity-wealth/internal/mocks/database/SqlTransactionalQuerier.go:440.8,442.3 1 0
github.com/seanhuebl/unity-wealth/internal/mocks/database/SqlTransactionalQuerier.go:444.2,444.11 1 0
github.com/seanhuebl/unity-wealth/internal/mocks/database/SqlTransactionalQuerier.go:448.164,451.19 2 0
github.com/seanhuebl/unity-wealth/internal/mocks/database/SqlTransactionalQuerier.go:451.19,452.63 1 0
github.com/seanhuebl/unity-wealth/internal/mocks/database/SqlTransactionalQuerier.go:455.2,457.135 3 0
github.com/seanhuebl/unity-wealth/internal/mocks/database/SqlTransactionalQuerier.go:457.135,459.3 1 0
github.com/seanhuebl/unity-wealth/internal/mocks/database/SqlTransactionalQuerier.go:460.2,460.126 1 0
github.com/seanhuebl/unity-wealth/internal/mocks/database/SqlTransactionalQuerier.go:460.126,462.3 1 0
github.com/seanhuebl/unity-wealth/internal/mocks/database/SqlTransactionalQuerier.go:462.8,464.3 1 0
github.com/seanhuebl/unity-wealth/internal/mocks/database/SqlTransactionalQuerier.go:466.2,466.98 1 0
github.com/seanhuebl/unity-wealth/internal/mocks/database/SqlTransactionalQuerier.go:466.98,468.3 1 0
github.com/seanhuebl/unity-wealth/internal/mocks/database/SqlTransactionalQuerier.go:468.8,470.3 1 0
github.com/seanhuebl/unity-wealth/internal/mocks/database/SqlTransactionalQuerier.go:472.2,472.15 1 0
github.com/seanhuebl/unity-wealth/internal/mocks/database/SqlTransactionalQuerier.go:476.88,479.19 2 0
github.com/seanhuebl/unity-wealth/internal/mocks/database/SqlTransactionalQuerier.go:479.19,480.48 1 0
github.com/seanhuebl/unity-wealth/internal/mocks/database/SqlTransactionalQuerier.go:483.2,484.79 2 0
github.com/seanhuebl/unity-wealth/internal/mocks/database/SqlTransactionalQuerier.go:484.79,486.3 1 0
github.com/seanhuebl/unity-wealth/internal/mocks/database/SqlTransactionalQuerier.go:486.8,487.24 1 0
github.com/seanhuebl/unity-wealth/internal/mocks/database/SqlTransactionalQuerier.go:487.24,489.4 1 0
github.com/seanhuebl/unity-wealth/internal/mocks/database/SqlTransactionalQuerier.go:492.2,492.11 1 0
github.com/seanhuebl/unity-wealth/internal/mocks/database/SqlTransactionalQuerier.go:500.29,504.19 3 0
github.com/seanhuebl/unity-wealth/internal/mocks/database/SqlTransactionalQuerier.go:504.19,504.49 1 0
github.com/seanhuebl/unity-wealth/internal/mocks/database/SqlTransactionalQuerier.go:506.2,506.13 1 0
github.com/seanhuebl/unity-wealth/internal/mocks/database/SqlTxQuerier.go:20.92,23.19 2 0
github.com/seanhuebl/unity-wealth/internal/mocks/database/SqlTxQuerier.go:23.19,24.49 1 0
github.com/seanhuebl/unity-wealth/internal/mocks/database/SqlTxQuerier.go:27.2,29.87 3 0
github.com/seanhuebl/unity-wealth/internal/mocks/database/SqlTxQuerier.go:29.87,31.3 1 0
github.com/seanhuebl/unity-wealth/internal/mocks/database/SqlTxQuerier.go:32.2,32.78 1 0
github.com/seanhuebl/unity-wealth/internal/mocks/database/SqlTxQuerier.go:32.78,34.3 1 0
github.com/seanhuebl/unity-wealth/internal/mocks/database/SqlTxQuerier.go:34.8,35.24 1 0
github.com/seanhuebl/unity-wealth/internal/mocks/database/SqlTxQuerier.go:35.24,37.4 1 0
github.com/seanhuebl/unity-wealth/internal/mocks/database/SqlTxQuerier.go:40.2,40.76 1 0
github.com/seanhuebl/unity-wealth/internal/mocks/database/SqlTxQuerier.go:40.76,42.3 1 0
github.com/seanhuebl/unity-wealth/internal/mocks/database/SqlTxQuerier.go:42.8,44.3 1 0
github.com/seanhuebl/unity-wealth/internal/mocks/database/SqlTxQuerier.go:46.2,46.15 1 0
github.com/seanhuebl/unity-wealth/internal/mocks/database/SqlTxQuerier.go:50.77,53.19 2 0
github.com/seanhuebl/unity-wealth/internal/mocks/database/SqlTxQuerier.go:53.19,54.48 1 0
github.com/seanhuebl/unity-wealth/internal/mocks/database/SqlTxQuerier.go:57.2,58.79 2 0
github.com/seanhuebl/unity-wealth/internal/mocks/database/SqlTxQuerier.go:58.79,60.3 1 0
github.com/seanhuebl/unity-wealth/internal/mocks/database/SqlTxQuerier.go:60.8,61.24 1 0
github.com/seanhuebl/unity-wealth/internal/mocks/database/SqlTxQuerier.go:61.24,63.4 1 0
github.com/seanhuebl/unity-wealth/internal/mocks/database/SqlTxQuerier.go:66.2,66.11 1 0
github.com/seanhuebl/unity-wealth/internal/mocks/database/SqlTxQuerier.go:74.18,78.19 3 0
github.com/seanhuebl/unity-wealth/internal/mocks/database/SqlTxQuerier.go:78.19,78.49 1 0
github.com/seanhuebl/unity-wealth/internal/mocks/database/SqlTxQuerier.go:80.2,80.13 1 0
github.com/seanhuebl/unity-wealth/internal/mocks/database/TokenQuerier.go:20.110,23.19 2 0
github.com/seanhuebl/unity-wealth/internal/mocks/database/TokenQuerier.go:23.19,24.60 1 0
github.com/seanhuebl/unity-wealth/internal/mocks/database/TokenQuerier.go:27.2,28.95 2 0
github.com/seanhuebl/unity-wealth/internal/mocks/database/TokenQuerier.go:28.95,30.3 1 0
github.com/seanhuebl/unity-wealth/internal/mocks/database/TokenQuerier.go:30.8,32.3 1 0
github.com/seanhuebl/unity-wealth/internal/mocks/database/TokenQuerier.go:34.2,34.11 1 0
github.com/seanhuebl/unity-wealth/internal/mocks/database/TokenQuerier.go:38.147,41.19 2 0
github.com/seanhuebl/unity-wealth/internal/mocks/database/TokenQuerier.go:41.19,42.67 1 0
github.com/seanhuebl/unity-wealth/internal/mocks/database/TokenQuerier.go:45.2,47.125 3 0
github.com/seanhuebl/unity-wealth/internal/mocks/database/TokenQuerier.go:47.125,49.3 1 0
github.com/seanhuebl/unity-wealth/internal/mocks/database/TokenQuerier.go:50.2,50.116 1 0
github.com/seanhuebl/unity-wealth/internal/mocks/database/TokenQuerier.go:50.116,52.3 1 0
github.com/seanhuebl/unity-wealth/internal/mocks/database/TokenQuerier.go:52.8,54.3 1 0
github.com/seanhuebl/unity-wealth/internal/mocks/database/TokenQuerier.go:56.2,56.102 1 0
github.com/seanhuebl/unity-wealth/internal/mocks/database/TokenQuerier.go:56.102,58.3 1 0
github.com/seanhuebl/unity-wealth/internal/mocks/database/TokenQuerier.go:58.8,60.3 1 0
github.com/seanhuebl/unity-wealth/internal/mocks/database/TokenQuerier.go:62.2,62.15 1 0
github.com/seanhuebl/unity-wealth/internal/mocks/database/TokenQuerier.go:66.96,69.19 2 0
github.com/seanhuebl/unity-wealth/internal/mocks/database/TokenQuerier.go:69.19,70.53 1 0
github.com/seanhuebl/unity-wealth/internal/mocks/database/TokenQuerier.go:73.2,74.88 2 0
github.com/seanhuebl/unity-wealth/internal/mocks/database/TokenQuerier.go:74.88,76.3 1 0
github.com/seanhuebl/unity-wealth/internal/mocks/database/TokenQuerier.go:76.8,78.3 1 0
github.com/seanhuebl/unity-wealth/internal/mocks/database/TokenQuerier.go:80.2,80.11 1 0
github.com/seanhuebl/unity-wealth/internal/mocks/database/TokenQuerier.go:88.18,92.19 3 0
github.com/seanhuebl/unity-wealth/internal/mocks/database/TokenQuerier.go:92.19,92.49 1 0
github.com/seanhuebl/unity-wealth/internal/mocks/database/TokenQuerier.go:94.2,94.13 1 0
github.com/seanhuebl/unity-wealth/internal/mocks/database/TransactionQuerier.go:22.114,25.19 2 0
github.com/seanhuebl/unity-wealth/internal/mocks/database/TransactionQuerier.go:25.19,26.59 1 0
github.com/seanhuebl/unity-wealth/internal/mocks/database/TransactionQuerier.go:29.2,30.94 2 0
github.com/seanhuebl/unity-wealth/internal/mocks/database/TransactionQuerier.go:30.94,32.3 1 0
github.com/seanhuebl/unity-wealth/internal/mocks/database/TransactionQuerier.go:32.8,34.3 1 0
github.com/seanhuebl/unity-wealth/internal/mocks/database/TransactionQuerier.go:36.2,36.11 1 0
github.com/seanhuebl/unity-wealth/internal/mocks/database/TransactionQuerier.go:40.136,43.19 2 0
github.com/seanhuebl/unity-wealth/internal/mocks/database/TransactionQuerier.go:43.19,44.63 1 0
github.com/seanhuebl/unity-wealth/internal/mocks/database/TransactionQuerier.go:47.2,49.112 3 0
github.com/seanhuebl/unity-wealth/internal/mocks/database/TransactionQuerier.go:49.112,51.3 1 0
github.com/seanhuebl/unity-wealth/internal/mocks/database/TransactionQuerier.go:52.2,52.103 1 0
github.com/seanhuebl/unity-wealth/internal/mocks/database/TransactionQuerier.go:52.103,54.3 1 0
github.com/seanhuebl/unity-wealth/internal/mocks/database/TransactionQuerier.go:54.8,55.24 1 0
github.com/seanhuebl/unity-wealth/internal/mocks/database/TransactionQuerier.go:55.24,57.4 1 0
github.com/seanhuebl/unity-wealth/internal/mocks/database/TransactionQuerier.go:60.2,60.98 1 0
github.com/seanhuebl/unity-wealth/internal/mocks/database/TransactionQuerier.go:60.98,62.3 1 0
github.com/seanhuebl/unity-wealth/internal/mocks/database/TransactionQuerier.go:62.8,64.3 1 0
github.com/seanhuebl/unity-wealth/internal/mocks/database/TransactionQuerier.go:66.2,66.15 1 0
github.com/seanhuebl/unity-wealth/internal/mocks/database/TransactionQuerier.go:70.109,73.19 2 0
github.com/seanhuebl/unity-wealth/internal/mocks/database/TransactionQuerier.go:73.19,74.63 1 0
github.com/seanhuebl/unity-wealth/internal/mocks/database/TransactionQuerier.go:77.2,79.89 3 0
github.com/seanhuebl/unity-wealth/internal/mocks/database/TransactionQuerier.go:79.89,81.3 1 0
github.com/seanhuebl/unity-wealth/internal/mocks/database/TransactionQuerier.go:82.2,82.80 1 0
github.com/seanhuebl/unity-wealth/internal/mocks/database/TransactionQuerier.go:82.80,84.3 1 0
github.com/seanhuebl/unity-wealth/internal/mocks/database/TransactionQuerier.go:84.8,85.24 1 0
github.com/seanhuebl/unity-wealth/internal/mocks/database/TransactionQuerier.go:85.24,87.4 1 0
github.com/seanhuebl/unity-wealth/internal/mocks/database/TransactionQuerier.go:90.2,90.60 1 0
github.com/seanhuebl/unity-wealth/internal/mocks/database/TransactionQuerier.go:90.60,92.3 1 0
github.com/seanhuebl/unity-wealth/internal/mocks/database/TransactionQuerier.go:92.8,94.3 1 0
github.com/seanhuebl/unity-wealth/internal/mocks/database/TransactionQuerier.go:96.2,96.15 1 0
github.com/seanhuebl/unity-wealth/internal/mocks/database/TransactionQuerier.go:100.102,103.19 2 0
github.com/seanhuebl/unity-wealth/internal/mocks/database/TransactionQuerier.go:103.19,104.63 1 0
github.com/seanhuebl/unity-wealth/internal/mocks/database/TransactionQuerier.go:107.2,109.77 3 0
github.com/seanhuebl/unity-wealth/internal/mocks/database/TransactionQuerier.go:109.77,111.3 1 0
github.com/seanhuebl/unity-wealth/internal/mocks/database/TransactionQuerier.go:112.2,112.68 1 0
github.com/seanhuebl/unity-wealth/internal/mocks/database/TransactionQuerier.go:112.68,114.3 1 0
github.com/seanhuebl/unity-wealth/internal/mocks/database/TransactionQuerier.go:114.8,116.3 1 0
github.com/seanhuebl/unity-wealth/internal/mocks/database/TransactionQuerier.go:118.2,118.68 1 0
github.com/seanhuebl/unity-wealth/internal/mocks/database/TransactionQuerier.go:118.68,120.3 1 0
github.com/seanhuebl/unity-wealth/internal/mocks/database/TransactionQuerier.go:120.8,122.3 1 0
github.com/seanhuebl/unity-wealth/internal/mocks/database/TransactionQuerier.go:124.2,124.15 1 0
github.com/seanhuebl/unity-wealth/internal/mocks/database/TransactionQuerier.go:128.107,131.19 2 0
github.com/seanhuebl/unity-wealth/internal/mocks/database/TransactionQuerier.go:131.19,132.62 1 0
github.com/seanhuebl/unity-wealth/internal/mocks/database/TransactionQuerier.go:135.2,137.88 3 0
github.com/seanhuebl/unity-wealth/internal/mocks/database/TransactionQuerier.go:137.88,139.3 1 0
github.com/seanhuebl/unity-wealth/internal/mocks/database/TransactionQuerier.go:140.2,140.79 1 0
github.com/seanhuebl/unity-wealth/internal/mocks/database/TransactionQuerier.go:140.79,142.3 1 0
github.com/seanhuebl/unity-wealth/internal/mocks/database/TransactionQuerier.go:142.8,143.24 1 0
github.com/seanhuebl/unity-wealth/internal/mocks/database/TransactionQuerier.go:143.24,145.4 1 0
github.com/seanhuebl/unity-wealth/internal/mocks/database/TransactionQuerier.go:148.2,148.60 1 0
github.com/seanhuebl/unity-wealth/internal/mocks/database/TransactionQuerier.go:148.60,150.3 1 0
github.com/seanhuebl/unity-wealth/internal/mocks/database/TransactionQuerier.go:150.8,152.3 1 0
github.com/seanhuebl/unity-wealth/internal/mocks/database/TransactionQuerier.go:154.2,154.15 1 0
github.com/seanhuebl/unity-wealth/internal/mocks/database/TransactionQuerier.go:158.162,161.19 2 0
github.com/seanhuebl/unity-wealth/internal/mocks/database/TransactionQuerier.go:161.19,162.64 1 0
github.com/seanhuebl/unity-wealth/internal/mocks/database/TransactionQuerier.go:165.2,167.137 3 0
github.com/seanhuebl/unity-wealth/internal/mocks/database/TransactionQuerier.go:167.137,169.3 1 0
github.com/seanhuebl/unity-wealth/internal/mocks/database/TransactionQuerier.go:170.2,170.128 1 0
github.com/seanhuebl/unity-wealth/internal/mocks/database/TransactionQuerier.go:170.128,172.3 1 0
github.com/seanhuebl/unity-wealth/internal/mocks/database/TransactionQuerier.go:172.8,174.3 1 0
github.com/seanhuebl/unity-wealth/internal/mocks/database/TransactionQuerier.go:176.2,176.99 1 0
github.com/seanhuebl/unity-wealth/internal/mocks/database/TransactionQuerier.go:176.99,178.3 1 0
github.com/seanhuebl/unity-wealth/internal/mocks/database/TransactionQuerier.go:178.8,180.3 1 0
github.com/seanhuebl/unity-wealth/internal/mocks/database/TransactionQuerier.go:182.2,182.15 1 0
github.com/seanhuebl/unity-wealth/internal/mocks/database/TransactionQuerier.go:186.182,189.19 2 0
github.com/seanhuebl/unity-wealth/internal/mocks/database/TransactionQuerier.go:189.19,190.70 1 0
github.com/seanhuebl/unity-wealth/internal/mocks/database/TransactionQuerier.go:193.2,195.151 3 0
github.com/seanhuebl/unity-wealth/internal/mocks/database/TransactionQuerier.go:195.151,197.3 1 0
github.com/seanhuebl/unity-wealth/internal/mocks/database/TransactionQuerier.go:198.2,198.142 1 0
github.com/seanhuebl/unity-wealth/internal/mocks/database/TransactionQuerier.go:198.142,200.3 1 0
github.com/seanhuebl/unity-wealth/internal/mocks/database/TransactionQuerier.go:200.8,201.24 1 0
github.com/seanhuebl/unity-wealth/internal/mocks/database/TransactionQuerier.go:201.24,203.4 1 0
github.com/seanhuebl/unity-wealth/internal/mocks/database/TransactionQuerier.go:206.2,206.105 1 0
github.com/seanhuebl/unity-wealth/internal/mocks/database/TransactionQuerier.go:206.105,208.3 1 0
github.com/seanhuebl/unity-wealth/internal/mocks/database/TransactionQuerier.go:208.8,210.3 1 0
github.com/seanhuebl/unity-wealth/internal/mocks/database/TransactionQuerier.go:212.2,212.15 1 0
github.com/seanhuebl/unity-wealth/internal/mocks/database/TransactionQuerier.go:216.182,219.19 2 0
github.com/seanhuebl/unity-wealth/internal/mocks/database/TransactionQuerier.go:219.19,220.70 1 0
github.com/seanhuebl/unity-wealth/internal/mocks/database/TransactionQuerier.go:223.2,225.151 3 0
github.com/seanhuebl/unity-wealth/internal/mocks/database/TransactionQuerier.go:225.151,227.3 1 0
github.com/seanhuebl/unity-wealth/internal/mocks/database/TransactionQuerier.go:228.2,228.142 1 0
github.com/seanhuebl/unity-wealth/internal/mocks/database/TransactionQuerier.go:228.142,230.3 1 0
github.com/seanhuebl/unity-wealth/internal/mocks/database/TransactionQuerier.go:230.8,231.24 1 0
github.com/seanhuebl/unity-wealth/internal/mocks/database/TransactionQuerier.go:231.24,233.4 1 0
github.com/seanhuebl/unity-wealth/internal/mocks/database/TransactionQuerier.go:236.2,236.105 1 0
github.com/seanhuebl/unity-wealth/internal/mocks/database/TransactionQuerier.go:236.105,238.3 1 0
github.com/seanhuebl/unity-wealth/internal/mocks/database/TransactionQuerier.go:238.8,240.3 1 0
github.com/seanhuebl/unity-wealth/internal/mocks/database/TransactionQuerier.go:242.2,242.15 1 0
github.com/seanhuebl/unity-wealth/internal/mocks/database/TransactionQuerier.go:246.159,249.19 2 0
github.com/seanhuebl/unity-wealth/internal/mocks/database/TransactionQuerier.go:249.19,250.63 1 0
github.com/seanhuebl/unity-wealth/internal/mocks/database/TransactionQuerier.go:253.2,255.135 3 0
github.com/seanhuebl/unity-wealth/internal/mocks/database/TransactionQuerier.go:255.135,257.3 1 0
github.com/seanhuebl/unity-wealth/internal/mocks/database/TransactionQuerier.go:258.2,258.126 1 0
github.com/seanhuebl/unity-wealth/internal/mocks/database/TransactionQuerier.go:258.126,260.3 1 0
github.com/seanhuebl/unity-wealth/internal/mocks/database/TransactionQuerier.go:260.8,262.3 1 0
github.com/seanhuebl/unity-wealth/internal/mocks/database/TransactionQuerier.go:264.2,264.98 1 0
github.com/seanhuebl/unity-wealth/internal/mocks/database/TransactionQuerier.go:264.98,266.3 1 0
github.com/seanhuebl/unity-wealth/internal/mocks/database/TransactionQuerier.go:266.8,268.3 1 0
github.com/seanhuebl/unity-wealth/internal/mocks/database/TransactionQuerier.go:270.2,270.15 1 0
github.com/seanhuebl/unity-wealth/internal/mocks/database/TransactionQuerier.go:278.24,282.19 3 0
github.com/seanhuebl/unity-wealth/internal/mocks/database/TransactionQuerier.go:282.19,282.49 1 0
github.com/seanhuebl/unity-wealth/internal/mocks/database/TransactionQuerier.go:284.2,284.13 1 0
github.com/seanhuebl/unity-wealth/internal/mocks/database/TxRow.go:19.86,22.19 2 0
github.com/seanhuebl/unity-wealth/internal/mocks/database/TxRow.go:22.19,23.51 1 0
github.com/seanhuebl/unity-wealth/internal/mocks/database/TxRow.go:26.2,32.95 7 0
github.com/seanhuebl/unity-wealth/internal/mocks/database/TxRow.go:32.95,34.3 1 0
github.com/seanhuebl/unity-wealth/internal/mocks/database/TxRow.go:35.2,35.49 1 0
github.com/seanhuebl/unity-wealth/internal/mocks/database/TxRow.go:35.49,37.3 1 0
github.com/seanhuebl/unity-wealth/internal/mocks/database/TxRow.go:37.8,38.24 1 0
github.com/seanhuebl/unity-wealth/internal/mocks/database/TxRow.go:38.24,40.4 1 0
github.com/seanhuebl/unity-wealth/internal/mocks/database/TxRow.go:43.2,43.49 1 0
github.com/seanhuebl/unity-wealth/internal/mocks/database/TxRow.go:43.49,45.3 1 0
github.com/seanhuebl/unity-wealth/internal/mocks/database/TxRow.go:45.8,46.24 1 0
github.com/seanhuebl/unity-wealth/internal/mocks/database/TxRow.go:46.24,48.4 1 0
github.com/seanhuebl/unity-wealth/internal/mocks/database/TxRow.go:51.2,51.49 1 0
github.com/seanhuebl/unity-wealth/internal/mocks/database/TxRow.go:51.49,53.3 1 0
github.com/seanhuebl/unity-wealth/internal/mocks/database/TxRow.go:53.8,55.3 1 0
github.com/seanhuebl/unity-wealth/internal/mocks/database/TxRow.go:57.2,57.46 1 0
github.com/seanhuebl/unity-wealth/internal/mocks/database/TxRow.go:57.46,59.3 1 0
github.com/seanhuebl/unity-wealth/internal/mocks/database/TxRow.go:59.8,61.3 1 0
github.com/seanhuebl/unity-wealth/internal/mocks/database/TxRow.go:63.2,63.45 1 0
github.com/seanhuebl/unity-wealth/internal/mocks/database/TxRow.go:63.45,65.3 1 0
github.com/seanhuebl/unity-wealth/internal/mocks/database/TxRow.go:65.8,67.3 1 0
github.com/seanhuebl/unity-wealth/internal/mocks/database/TxRow.go:69.2,69.45 1 0
github.com/seanhuebl/unity-wealth/internal/mocks/database/TxRow.go:69.45,71.3 1 0
github.com/seanhuebl/unity-wealth/internal/mocks/database/TxRow.go:71.8,73.3 1 0
github.com/seanhuebl/unity-wealth/internal/mocks/database/TxRow.go:75.2,75.31 1 0
github.com/seanhuebl/unity-wealth/internal/mocks/database/TxRow.go:83.11,87.19 3 0
github.com/seanhuebl/unity-wealth/internal/mocks/database/TxRow.go:87.19,87.49 1 0
github.com/seanhuebl/unity-wealth/internal/mocks/database/TxRow.go:89.2,89.13 1 0
github.com/seanhuebl/unity-wealth/internal/mocks/database/UserQuerier.go:18.96,21.19 2 0
github.com/seanhuebl/unity-wealth/internal/mocks/database/UserQuerier.go:21.19,22.52 1 0
github.com/seanhuebl/unity-wealth/internal/mocks/database/UserQuerier.go:25.2,26.87 2 0
github.com/seanhuebl/unity-wealth/internal/mocks/database/UserQuerier.go:26.87,28.3 1 0
github.com/seanhuebl/unity-wealth/internal/mocks/database/UserQuerier.go:28.8,30.3 1 0
github.com/seanhuebl/unity-wealth/internal/mocks/database/UserQuerier.go:32.2,32.11 1 0
github.com/seanhuebl/unity-wealth/internal/mocks/database/UserQuerier.go:36.110,39.19 2 0
github.com/seanhuebl/unity-wealth/internal/mocks/database/UserQuerier.go:39.19,40.56 1 0
github.com/seanhuebl/unity-wealth/internal/mocks/database/UserQuerier.go:43.2,45.98 3 0
github.com/seanhuebl/unity-wealth/internal/mocks/database/UserQuerier.go:45.98,47.3 1 0
github.com/seanhuebl/unity-wealth/internal/mocks/database/UserQuerier.go:48.2,48.89 1 0
github.com/seanhuebl/unity-wealth/internal/mocks/database/UserQuerier.go:48.89,50.3 1 0
github.com/seanhuebl/unity-wealth/internal/mocks/database/UserQuerier.go:50.8,52.3 1 0
github.com/seanhuebl/unity-wealth/internal/mocks/database/UserQuerier.go:54.2,54.68 1 0
github.com/seanhuebl/unity-wealth/internal/mocks/database/UserQuerier.go:54.68,56.3 1 0
github.com/seanhuebl/unity-wealth/internal/mocks/database/UserQuerier.go:56.8,58.3 1 0
github.com/seanhuebl/unity-wealth/internal/mocks/database/UserQuerier.go:60.2,60.15 1 0
github.com/seanhuebl/unity-wealth/internal/mocks/database/UserQuerier.go:68.17,72.19 3 0
github.com/seanhuebl/unity-wealth/internal/mocks/database/UserQuerier.go:72.19,72.49 1 0
github.com/seanhuebl/unity-wealth/internal/mocks/database/UserQuerier.go:74.2,74.13 1 0
github.com/seanhuebl/unity-wealth/internal/mocks/handlers/AuthService.go:18.106,21.19 2 0
github.com/seanhuebl/unity-wealth/internal/mocks/handlers/AuthService.go:21.19,22.47 1 0
github.com/seanhuebl/unity-wealth/internal/mocks/handlers/AuthService.go:25.2,27.103 3 0
github.com/seanhuebl/unity-wealth/internal/mocks/handlers/AuthService.go:27.103,29.3 1 0
github.com/seanhuebl/unity-wealth/internal/mocks/handlers/AuthService.go:30.2,30.94 1 0
github.com/seanhuebl/unity-wealth/internal/mocks/handlers/AuthService.go:30.94,32.3 1 0
github.com/seanhuebl/unity-wealth/internal/mocks/handlers/AuthService.go:32.8,34.3 1 0
github.com/seanhuebl/unity-wealth/internal/mocks/handlers/AuthService.go:36.2,36.79 1 0
github.com/seanhuebl/unity-wealth/internal/mocks/handlers/AuthService.go:36.79,38.3 1 0
github.com/seanhuebl/unity-wealth/internal/mocks/handlers/AuthService.go:38.8,40.3 1 0
github.com/seanhuebl/unity-wealth/internal/mocks/handlers/AuthService.go:42.2,42.15 1 0
github.com/seanhuebl/unity-wealth/internal/mocks/handlers/AuthService.go:50.17,54.19 3 0
github.com/seanhuebl/unity-wealth/internal/mocks/handlers/AuthService.go:54.19,54.49 1 0
github.com/seanhuebl/unity-wealth/internal/mocks/handlers/AuthService.go:56.2,56.13 1 0
github.com/seanhuebl/unity-wealth/internal/mocks/handlers/TransactionService.go:22.133,25.19 2 0
github.com/seanhuebl/unity-wealth/internal/mocks/handlers/TransactionService.go:25.19,26.59 1 0
github.com/seanhuebl/unity-wealth/internal/mocks/handlers/TransactionService.go:29.2,31.106 3 0
github.com/seanhuebl/unity-wealth/internal/mocks/handlers/TransactionService.go:31.106,33.3 1 0
github.com/seanhuebl/unity-wealth/internal/mocks/handlers/TransactionService.go:34.2,34.97 1 0
github.com/seanhuebl/unity-wealth/internal/mocks/handlers/TransactionService.go:34.97,36.3 1 0
github.com/seanhuebl/unity-wealth/internal/mocks/handlers/TransactionService.go:36.8,37.24 1 0
github.com/seanhuebl/unity-wealth/internal/mocks/handlers/TransactionService.go:37.24,39.4 1 0
github.com/seanhuebl/unity-wealth/internal/mocks/handlers/TransactionService.go:42.2,42.92 1 0
github.com/seanhuebl/unity-wealth/internal/mocks/handlers/TransactionService.go:42.92,44.3 1 0
github.com/seanhuebl/unity-wealth/internal/mocks/handlers/TransactionService.go:44.8,46.3 1 0
github.com/seanhuebl/unity-wealth/internal/mocks/handlers/TransactionService.go:48.2,48.15 1 0
github.com/seanhuebl/unity-wealth/internal/mocks/handlers/TransactionService.go:52.111,55.19 2 0
github.com/seanhuebl/unity-wealth/internal/mocks/handlers/TransactionService.go:55.19,56.59 1 0
github.com/seanhuebl/unity-wealth/internal/mocks/handlers/TransactionService.go:59.2,60.82 2 0
github.com/seanhuebl/unity-wealth/internal/mocks/handlers/TransactionService.go:60.82,62.3 1 0
github.com/seanhuebl/unity-wealth/internal/mocks/handlers/TransactionService.go:62.8,64.3 1 0
github.com/seanhuebl/unity-wealth/internal/mocks/handlers/TransactionService.go:66.2,66.11 1 0
github.com/seanhuebl/unity-wealth/internal/mocks/handlers/TransactionService.go:70.126,73.19 2 0
github.com/seanhuebl/unity-wealth/internal/mocks/handlers/TransactionService.go:73.19,74.60 1 0
github.com/seanhuebl/unity-wealth/internal/mocks/handlers/TransactionService.go:77.2,79.96 3 0
github.com/seanhuebl/unity-wealth/internal/mocks/handlers/TransactionService.go:79.96,81.3 1 0
github.com/seanhuebl/unity-wealth/internal/mocks/handlers/TransactionService.go:82.2,82.87 1 0
github.com/seanhuebl/unity-wealth/internal/mocks/handlers/TransactionService.go:82.87,84.3 1 0
github.com/seanhuebl/unity-wealth/internal/mocks/handlers/TransactionService.go:84.8,85.24 1 0
github.com/seanhuebl/unity-wealth/internal/mocks/handlers/TransactionService.go:85.24,87.4 1 0
github.com/seanhuebl/unity-wealth/internal/mocks/handlers/TransactionService.go:90.2,90.82 1 0
github.com/seanhuebl/unity-wealth/internal/mocks/handlers/TransactionService.go:90.82,92.3 1 0
github.com/seanhuebl/unity-wealth/internal/mocks/handlers/TransactionService.go:92.8,94.3 1 0
github.com/seanhuebl/unity-wealth/internal/mocks/handlers/TransactionService.go:96.2,96.15 1 0
github.com/seanhuebl/unity-wealth/internal/mocks/handlers/TransactionService.go:100.169,103.19 2 0
github.com/seanhuebl/unity-wealth/internal/mocks/handlers/TransactionService.go:103.19,104.62 1 0
github.com/seanhuebl/unity-wealth/internal/mocks/handlers/TransactionService.go:107.2,109.122 3 0
github.com/seanhuebl/unity-wealth/internal/mocks/handlers/TransactionService.go:109.122,111.3 1 0
github.com/seanhuebl/unity-wealth/internal/mocks/handlers/TransactionService.go:112.2,112.113 1 0
github.com/seanhuebl/unity-wealth/internal/mocks/handlers/TransactionService.go:112.113,114.3 1 0
github.com/seanhuebl/unity-wealth/internal/mocks/handlers/TransactionService.go:114.8,116.3 1 0
github.com/seanhuebl/unity-wealth/internal/mocks/handlers/TransactionService.go:118.2,118.86 1 0
[...]
github.com/seanhuebl/unity-wealth/internal/mocks/handlers/TransactionService.go:148.103,150.3 1 0
github.com/seanhuebl/unity-wealth/internal/mocks/handlers/TransactionService.go:150.8,152.3 1 0
github.com/seanhuebl/unity-wealth/internal/mocks/handlers/TransactionService.go:154.2,154.15 1 0
github.com/seanhuebl/unity-wealth/internal/mocks/handlers/TransactionService.go:162.24,166.19 3 0
github.com/seanhuebl/unity-wealth/internal/mocks/handlers/TransactionService.go:166.19,166.49 1 0
github.com/seanhuebl/unity-wealth/internal/mocks/handlers/TransactionService.go:168.2,168.13 1 0
github.com/seanhuebl/unity-wealth/internal/mocks/handlers/UserService.go:19.82,22.19 2 0
github.com/seanhuebl/unity-wealth/internal/mocks/handlers/UserService.go:22.19,23.48 1 0
github.com/seanhuebl/unity-wealth/internal/mocks/handlers/UserService.go:26.2,27.78 2 0
github.com/seanhuebl/unity-wealth/internal/mocks/handlers/UserService.go:27.78,29.3 1 0
github.com/seanhuebl/unity-wealth/internal/mocks/handlers/UserService.go:29.8,31.3 1 0
github.com/seanhuebl/unity-wealth/internal/mocks/handlers/UserService.go:33.2,33.11 1 0
github.com/seanhuebl/unity-wealth/internal/mocks/handlers/UserService.go:41.17,45.19 3 0
github.com/seanhuebl/unity-wealth/internal/mocks/handlers/UserService.go:45.19,45.49 1 0
github.com/seanhuebl/unity-wealth/internal/mocks/handlers/UserService.go:47.2,47.13 1 0
github.com/seanhuebl/unity-wealth/internal/models/auth.go:46.38,53.2 3 0
github.com/seanhuebl/unity-wealth/internal/models/auth.go:55.46,56.23 1 0
github.com/seanhuebl/unity-wealth/internal/models/auth.go:56.23,58.3 1 0
github.com/seanhuebl/unity-wealth/internal/models/auth.go:59.2,59.43 1 0
github.com/seanhuebl/unity-wealth/internal/models/auth.go:59.43,61.3 1 0
github.com/seanhuebl/unity-wealth/internal/models/auth.go:62.2,62.43 1 0
github.com/seanhuebl/unity-wealth/internal/models/auth.go:62.43,64.3 1 0
github.com/seanhuebl/unity-wealth/internal/models/auth.go:65.2,65.39 1 0
github.com/seanhuebl/unity-wealth/internal/models/auth.go:65.39,67.3 1 0
github.com/seanhuebl/unity-wealth/internal/models/auth.go:68.2,68.41 1 0
github.com/seanhuebl/unity-wealth/internal/models/auth.go:68.41,70.3 1 0
github.com/seanhuebl/unity-wealth/internal/models/auth.go:71.2,71.12 1 0
github.com/seanhuebl/unity-wealth/internal/models/transaction.go:33.120,42.2 1 0
github.com/seanhuebl/unity-wealth/internal/models/transaction.go:44.45,51.2 1 0
github.com/seanhuebl/unity-wealth/internal/services/transaction/service.go:26.125,27.19 1 1
github.com/seanhuebl/unity-wealth/internal/services/transaction/service.go:27.19,29.3 1 0
github.com/seanhuebl/unity-wealth/internal/services/transaction/service.go:30.2,30.15 1 1
github.com/seanhuebl/unity-wealth/internal/services/transaction/service.go:30.15,32.3 1 0
github.com/seanhuebl/unity-wealth/internal/services/transaction/service.go:33.2,33.84 1 1
github.com/seanhuebl/unity-wealth/internal/services/transaction/service.go:36.132,55.16 7 1
github.com/seanhuebl/unity-wealth/internal/services/transaction/service.go:55.16,63.3 4 1
github.com/seanhuebl/unity-wealth/internal/services/transaction/service.go:64.2,83.16 5 1
github.com/seanhuebl/unity-wealth/internal/services/transaction/service.go:83.16,91.3 4 1
github.com/seanhuebl/unity-wealth/internal/services/transaction/service.go:92.2,103.16 3 1
github.com/seanhuebl/unity-wealth/internal/services/transaction/service.go:107.138,125.16 6 1
github.com/seanhuebl/unity-wealth/internal/services/transaction/service.go:125.16,134.3 4 1
github.com/seanhuebl/unity-wealth/internal/services/transaction/service.go:136.2,147.16 4 1
github.com/seanhuebl/unity-wealth/internal/services/transaction/service.go:147.16,148.36 1 1
github.com/seanhuebl/unity-wealth/internal/services/transaction/service.go:148.36,158.4 4 1
github.com/seanhuebl/unity-wealth/internal/services/transaction/service.go:159.3,165.22 4 1
github.com/seanhuebl/unity-wealth/internal/services/transaction/service.go:167.2,187.16 4 1
github.com/seanhuebl/unity-wealth/internal/services/transaction/service.go:190.99,210.16 8 1
github.com/seanhuebl/unity-wealth/internal/services/transaction/service.go:210.16,218.3 4 1
github.com/seanhuebl/unity-wealth/internal/services/transaction/service.go:220.2,221.20 2 1
github.com/seanhuebl/unity-wealth/internal/services/transaction/service.go:221.20,229.3 4 0
github.com/seanhuebl/unity-wealth/internal/services/transaction/service.go:231.2,231.23 1 1
github.com/seanhuebl/unity-wealth/internal/services/transaction/service.go:231.23,240.3 4 1
github.com/seanhuebl/unity-wealth/internal/services/transaction/service.go:242.2,247.12 3 1
github.com/seanhuebl/unity-wealth/internal/services/transaction/service.go:250.114,260.44 4 1
github.com/seanhuebl/unity-wealth/internal/services/transaction/service.go:260.44,266.3 3 0
github.com/seanhuebl/unity-wealth/internal/services/transaction/service.go:268.2,272.16 4 1
github.com/seanhuebl/unity-wealth/internal/services/transaction/service.go:272.16,273.36 1 1
github.com/seanhuebl/unity-wealth/internal/services/transaction/service.go:273.36,281.4 4 1
github.com/seanhuebl/unity-wealth/internal/services/transaction/service.go:282.3,287.22 4 1
github.com/seanhuebl/unity-wealth/internal/services/transaction/service.go:289.2,310.17 5 1
github.com/seanhuebl/unity-wealth/internal/services/transaction/service.go:313.148,330.23 8 1
github.com/seanhuebl/unity-wealth/internal/services/transaction/service.go:330.23,332.17 2 1
github.com/seanhuebl/unity-wealth/internal/services/transaction/service.go:332.17,340.4 4 0
github.com/seanhuebl/unity-wealth/internal/services/transaction/service.go:343.2,343.20 1 1
github.com/seanhuebl/unity-wealth/internal/services/transaction/service.go:343.20,348.3 1 1
github.com/seanhuebl/unity-wealth/internal/services/transaction/service.go:349.2,349.45 1 1
github.com/seanhuebl/unity-wealth/internal/services/transaction/service.go:349.45,357.3 3 0
github.com/seanhuebl/unity-wealth/internal/services/transaction/service.go:359.2,361.41 2 1
github.com/seanhuebl/unity-wealth/internal/services/transaction/service.go:361.41,363.3 1 1
github.com/seanhuebl/unity-wealth/internal/services/transaction/service.go:365.2,369.19 2 1
github.com/seanhuebl/unity-wealth/internal/services/transaction/service.go:369.19,376.3 3 1
github.com/seanhuebl/unity-wealth/internal/services/transaction/service.go:378.2,380.38 2 1
github.com/seanhuebl/unity-wealth/internal/services/transaction/service.go:380.38,389.3 3 0
github.com/seanhuebl/unity-wealth/internal/services/transaction/service.go:391.2,401.36 6 1
github.com/seanhuebl/unity-wealth/internal/services/transaction/service.go:401.36,406.3 1 1
github.com/seanhuebl/unity-wealth/internal/services/transaction/service.go:406.8,413.3 1 1
github.com/seanhuebl/unity-wealth/internal/services/transaction/service.go:414.2,416.35 2 1
github.com/seanhuebl/unity-wealth/internal/services/transaction/service.go:416.35,417.37 1 1
github.com/seanhuebl/unity-wealth/internal/services/transaction/service.go:417.37,423.4 2 1
github.com/seanhuebl/unity-wealth/internal/services/transaction/service.go:424.3,428.39 2 1
github.com/seanhuebl/unity-wealth/internal/services/transaction/service.go:430.2,430.16 1 1
github.com/seanhuebl/unity-wealth/internal/services/transaction/service.go:430.16,439.3 4 1
github.com/seanhuebl/unity-wealth/internal/services/transaction/service.go:440.2,442.36 2 1
github.com/seanhuebl/unity-wealth/internal/services/transaction/service.go:442.36,444.3 1 1
github.com/seanhuebl/unity-wealth/internal/services/transaction/service.go:444.8,446.3 1 1
github.com/seanhuebl/unity-wealth/internal/services/transaction/service.go:448.2,451.32 3 1
github.com/seanhuebl/unity-wealth/internal/services/transaction/service.go:451.32,455.17 4 1
github.com/seanhuebl/unity-wealth/internal/services/transaction/service.go:455.17,461.4 5 0
github.com/seanhuebl/unity-wealth/internal/services/transaction/service.go:462.3,462.23 1 1
github.com/seanhuebl/unity-wealth/internal/services/transaction/service.go:463.8,465.3 1 1
github.com/seanhuebl/unity-wealth/internal/services/transaction/service.go:467.2,482.8 3 1
github.com/seanhuebl/unity-wealth/internal/services/transaction/wrappers.go:14.50,16.2 1 0
github.com/seanhuebl/unity-wealth/internal/services/transaction/wrappers.go:18.52,20.2 1 0
github.com/seanhuebl/unity-wealth/internal/services/transaction/wrappers.go:22.52,24.2 1 0
github.com/seanhuebl/unity-wealth/internal/services/transaction/wrappers.go:26.51,28.2 1 0
github.com/seanhuebl/unity-wealth/internal/services/transaction/wrappers.go:30.53,32.2 1 0
github.com/seanhuebl/unity-wealth/internal/services/transaction/wrappers.go:34.55,36.2 1 0
github.com/seanhuebl/unity-wealth/internal/services/transaction/wrappers.go:42.50,44.2 1 0
github.com/seanhuebl/unity-wealth/internal/services/transaction/wrappers.go:46.52,48.2 1 0
github.com/seanhuebl/unity-wealth/internal/services/transaction/wrappers.go:50.52,52.2 1 0
github.com/seanhuebl/unity-wealth/internal/services/transaction/wrappers.go:54.51,56.2 1 0
github.com/seanhuebl/unity-wealth/internal/services/transaction/wrappers.go:58.53,60.2 1 0
github.com/seanhuebl/unity-wealth/internal/services/transaction/wrappers.go:62.55,64.2 1 0
github.com/seanhuebl/unity-wealth/internal/services/transaction/wrappers.go:66.95,68.25 2 0
github.com/seanhuebl/unity-wealth/internal/services/transaction/wrappers.go:68.25,70.3 1 0
github.com/seanhuebl/unity-wealth/internal/services/transaction/wrappers.go:71.2,71.16 1 0
github.com/seanhuebl/unity-wealth/internal/services/transaction/wrappers.go:74.95,76.25 2 0
github.com/seanhuebl/unity-wealth/internal/services/transaction/wrappers.go:76.25,78.3 1 0
github.com/seanhuebl/unity-wealth/internal/services/transaction/wrappers.go:79.2,79.16 1 0
github.com/seanhuebl/unity-wealth/internal/services/user/service.go:23.119,29.2 1 1
github.com/seanhuebl/unity-wealth/internal/services/user/service.go:31.76,40.39 5 1
github.com/seanhuebl/unity-wealth/internal/services/user/service.go:40.39,43.3 2 1
github.com/seanhuebl/unity-wealth/internal/services/user/service.go:45.2,45.64 1 1
github.com/seanhuebl/unity-wealth/internal/services/user/service.go:45.64,51.3 3 1
github.com/seanhuebl/unity-wealth/internal/services/user/service.go:53.2,56.16 3 1
github.com/seanhuebl/unity-wealth/internal/services/user/service.go:56.16,62.3 3 1
github.com/seanhuebl/unity-wealth/internal/services/user/service.go:64.2,76.17 4 1
github.com/seanhuebl/unity-wealth/internal/services/user/service.go:76.17,82.3 3 1
github.com/seanhuebl/unity-wealth/internal/services/user/service.go:83.2,90.12 4 1
github.com/seanhuebl/unity-wealth/internal/testfixtures/handlers.go:11.46,24.2 1 0
github.com/seanhuebl/unity-wealth/internal/testfixtures/handlers.go:26.50,38.2 1 0
github.com/seanhuebl/unity-wealth/internal/testfixtures/handlers.go:40.48,52.2 1 0
github.com/seanhuebl/unity-wealth/internal/testfixtures/handlers.go:54.46,66.2 1 0
github.com/seanhuebl/unity-wealth/internal/testfixtures/handlers.go:68.51,79.2 1 0
github.com/seanhuebl/unity-wealth/internal/testfixtures/handlers.go:81.45,92.2 1 0
github.com/seanhuebl/unity-wealth/internal/testhelpers/admin.go:27.29,32.2 4 0
github.com/seanhuebl/unity-wealth/internal/testhelpers/admin.go:34.34,42.16 6 0
github.com/seanhuebl/unity-wealth/internal/testhelpers/admin.go:42.16,44.3 1 0
github.com/seanhuebl/unity-wealth/internal/testhelpers/admin.go:46.2,49.19 3 0
github.com/seanhuebl/unity-wealth/internal/testhelpers/admin.go:49.19,53.3 3 0
github.com/seanhuebl/unity-wealth/internal/testhelpers/admin.go:54.2,54.11 1 0
github.com/seanhuebl/unity-wealth/internal/testhelpers/admin.go:57.34,66.16 4 0
github.com/seanhuebl/unity-wealth/internal/testhelpers/admin.go:66.16,68.3 1 0
github.com/seanhuebl/unity-wealth/internal/testhelpers/admin.go:69.2,72.16 3 0
github.com/seanhuebl/unity-wealth/internal/testhelpers/admin.go:72.16,74.3 1 0
github.com/seanhuebl/unity-wealth/internal/testhelpers/admin.go:75.2,75.73 1 0
github.com/seanhuebl/unity-wealth/internal/testhelpers/admin.go:75.73,77.3 1 0
github.com/seanhuebl/unity-wealth/internal/testhelpers/admin.go:78.2,78.91 1 0
github.com/seanhuebl/unity-wealth/internal/testhelpers/admin.go:78.91,80.3 1 0
github.com/seanhuebl/unity-wealth/internal/testhelpers/admin.go:81.2,81.83 1 0
github.com/seanhuebl/unity-wealth/internal/testhelpers/admin.go:81.83,83.3 1 0
github.com/seanhuebl/unity-wealth/internal/testhelpers/admin.go:84.2,88.16 4 0
github.com/seanhuebl/unity-wealth/internal/testhelpers/admin.go:88.16,90.3 1 0
github.com/seanhuebl/unity-wealth/internal/testhelpers/admin.go:91.2,91.78 1 0
github.com/seanhuebl/unity-wealth/internal/testhelpers/admin.go:91.78,93.3 1 0
github.com/seanhuebl/unity-wealth/internal/testhelpers/admin.go:94.2,96.71 3 0
github.com/seanhuebl/unity-wealth/internal/testhelpers/admin.go:96.71,98.3 1 0
github.com/seanhuebl/unity-wealth/internal/testhelpers/admin.go:99.2,99.20 1 0
github.com/seanhuebl/unity-wealth/internal/testhelpers/admin.go:102.27,103.24 1 0
github.com/seanhuebl/unity-wealth/internal/testhelpers/admin.go:103.24,105.3 1 0
github.com/seanhuebl/unity-wealth/internal/testhelpers/admin.go:108.91,109.20 1 0
github.com/seanhuebl/unity-wealth/internal/testhelpers/admin.go:109.20,110.45 1 0
github.com/seanhuebl/unity-wealth/internal/testhelpers/admin.go:110.45,112.4 1 0
github.com/seanhuebl/unity-wealth/internal/testhelpers/admin.go:113.3,113.20 1 0
github.com/seanhuebl/unity-wealth/internal/testhelpers/admin.go:115.2,115.56 1 0
github.com/seanhuebl/unity-wealth/internal/testhelpers/admin.go:117.44,119.16 2 0
github.com/seanhuebl/unity-wealth/internal/testhelpers/admin.go:119.16,121.3 1 0
github.com/seanhuebl/unity-wealth/internal/testhelpers/admin.go:122.2,123.19 2 0
github.com/seanhuebl/unity-wealth/internal/testhelpers/admin.go:125.36,127.2 1 0
github.com/seanhuebl/unity-wealth/internal/testhelpers/admin.go:129.38,131.2 1 0
github.com/seanhuebl/unity-wealth/internal/testhelpers/auth.go:9.76,10.48 1 0
github.com/seanhuebl/unity-wealth/internal/testhelpers/auth.go:10.48,12.3 1 0
github.com/seanhuebl/unity-wealth/internal/testhelpers/auth.go:12.8,14.3 1 0
github.com/seanhuebl/unity-wealth/internal/testhelpers/db.go:31.52,44.2 12 0
github.com/seanhuebl/unity-wealth/internal/testhelpers/db.go:46.98,48.18 2 0
github.com/seanhuebl/unity-wealth/internal/testhelpers/db.go:48.18,50.3 1 0
github.com/seanhuebl/unity-wealth/internal/testhelpers/db.go:50.8,52.3 1 0
github.com/seanhuebl/unity-wealth/internal/testhelpers/db.go:53.2,60.25 3 0
github.com/seanhuebl/unity-wealth/internal/testhelpers/db.go:63.51,75.2 4 0
github.com/seanhuebl/unity-wealth/internal/testhelpers/db.go:77.123,80.16 3 0
github.com/seanhuebl/unity-wealth/internal/testhelpers/db.go:80.16,82.3 1 0
github.com/seanhuebl/unity-wealth/internal/testhelpers/db.go:83.2,91.25 2 0
github.com/seanhuebl/unity-wealth/internal/testhelpers/db.go:94.116,96.27 2 0
github.com/seanhuebl/unity-wealth/internal/testhelpers/db.go:96.27,106.3 2 0
github.com/seanhuebl/unity-wealth/internal/testhelpers/db.go:109.99,112.2 2 0
github.com/seanhuebl/unity-wealth/internal/testhelpers/db.go:114.53,132.21 14 0
github.com/seanhuebl/unity-wealth/internal/testhelpers/db.go:132.21,134.3 1 0
github.com/seanhuebl/unity-wealth/internal/testhelpers/db.go:135.2,169.3 10 0
github.com/seanhuebl/unity-wealth/internal/testhelpers/db.go:172.103,173.28 1 0
github.com/seanhuebl/unity-wealth/internal/testhelpers/db.go:173.28,180.3 1 0
github.com/seanhuebl/unity-wealth/internal/testhelpers/db.go:180.8,187.3 1 0
github.com/seanhuebl/unity-wealth/internal/testhelpers/db.go:190.89,201.2 2 0
github.com/seanhuebl/unity-wealth/internal/testhelpers/http.go:13.146,15.53 1 0
github.com/seanhuebl/unity-wealth/internal/testhelpers/http.go:15.53,17.3 1 0
github.com/seanhuebl/unity-wealth/internal/testhelpers/http.go:19.2,21.18 2 0
github.com/seanhuebl/unity-wealth/internal/testhelpers/http.go:21.18,23.3 1 0
github.com/seanhuebl/unity-wealth/internal/testhelpers/http.go:25.2,26.33 1 0
github.com/seanhuebl/unity-wealth/internal/testhelpers/http.go:26.33,29.4 2 0
github.com/seanhuebl/unity-wealth/internal/testhelpers/http.go:31.2,32.33 1 0
github.com/seanhuebl/unity-wealth/internal/testhelpers/http.go:32.33,35.4 2 0
github.com/seanhuebl/unity-wealth/internal/testhelpers/http.go:37.2,37.87 1 0
github.com/seanhuebl/unity-wealth/internal/testhelpers/http.go:37.87,39.3 1 0
github.com/seanhuebl/unity-wealth/internal/testhelpers/http.go:43.89,51.2 5 0
github.com/seanhuebl/unity-wealth/internal/testhelpers/transaction.go:5.94,8.9 2 0
github.com/seanhuebl/unity-wealth/internal/testhelpers/transaction.go:8.9,10.3 1 0
github.com/seanhuebl/unity-wealth/internal/testhelpers/transaction.go:11.2,11.52 1 0
github.com/seanhuebl/unity-wealth/internal/testhelpers/transaction.go:11.52,13.3 1 0
github.com/seanhuebl/unity-wealth/internal/testhelpers/transaction.go:14.2,14.55 1 0
github.com/seanhuebl/unity-wealth/internal/testhelpers/transaction.go:14.55,18.3 3 0
github.com/seanhuebl/unity-wealth/internal/testhelpers/transaction.go:19.2,19.66 1 0
github.com/seanhuebl/unity-wealth/internal/testhelpers/transaction.go:19.66,20.37 1 0
github.com/seanhuebl/unity-wealth/internal/testhelpers/transaction.go:20.37,21.51 1 0
github.com/seanhuebl/unity-wealth/internal/testhelpers/transaction.go:21.51,22.56 1 0
github.com/seanhuebl/unity-wealth/internal/testhelpers/transaction.go:22.56,24.6 1 0
github.com/seanhuebl/unity-wealth/internal/testhelpers/transaction.go:28.2,29.23 2 0
github.com/seanhuebl/unity-wealth/internal/testhelpers/transaction.go:32.31,33.13 1 0
github.com/seanhuebl/unity-wealth/internal/testhelpers/transaction.go:33.13,35.3 1 0
github.com/seanhuebl/unity-wealth/internal/testhelpers/transaction.go:36.2,36.11 1 0
github.com/seanhuebl/unity-wealth/internal/testhelpers/transaction.go:39.57,41.19 2 0
github.com/seanhuebl/unity-wealth/internal/testhelpers/transaction.go:41.19,43.3 1 0
github.com/seanhuebl/unity-wealth/internal/testhelpers/transaction.go:44.2,44.14 1 0
github.com/seanhuebl/unity-wealth/internal/testhelpers/user.go:7.46,10.22 3 0
github.com/seanhuebl/unity-wealth/internal/testhelpers/user.go:10.22,12.3 1 0
github.com/seanhuebl/unity-wealth/internal/testhelpers/user.go:13.2,13.11 1 0
github.com/seanhuebl/unity-wealth/internal/testhelpers/user.go:16.49,19.22 3 0
github.com/seanhuebl/unity-wealth/internal/testhelpers/user.go:19.22,21.3 1 0
github.com/seanhuebl/unity-wealth/internal/testhelpers/user.go:22.2,22.11 1 0
github.com/seanhuebl/unity-wealth/internal/testmodels/transaction.go:22.57,24.2 1 0
github.com/seanhuebl/unity-wealth/internal/testmodels/transaction.go:33.54,35.2 1 0
github.com/seanhuebl/unity-wealth/internal/testmodels/transaction.go:43.57,45.2 1 0
github.com/seanhuebl/unity-wealth/internal/testmodels/transaction.go:51.57,53.2 1 0
github.com/seanhuebl/unity-wealth/internal/testmodels/transaction.go:65.69,67.2 1 0
github.com/seanhuebl/unity-wealth/logger/logger.go:11.40,16.87 4 0
github.com/seanhuebl/unity-wealth/logger/logger.go:16.87,18.3 1 0
github.com/seanhuebl/unity-wealth/logger/logger.go:20.2,22.63 2 0
github.com/seanhuebl/unity-wealth/logger/logger.go:22.63,24.3 1 0
github.com/seanhuebl/unity-wealth/logger/logger.go:26.2,26.64 1 0
github.com/seanhuebl/unity-wealth/logger/logger.go:26.64,28.3 1 0
github.com/seanhuebl/unity-wealth/logger/logger.go:30.2,39.20 5 0
github.com/seanhuebl/unity-wealth/server/handlers.go:19.180,27.2 1 0
github.com/seanhuebl/unity-wealth/server/router.go:20.15,25.29 3 0
github.com/seanhuebl/unity-wealth/server/router.go:25.29,36.3 3 0
github.com/seanhuebl/unity-wealth/server/router.go:38.2,40.41 1 0
github.com/seanhuebl/unity-wealth/server/router.go:40.41,46.4 2 0
github.com/seanhuebl/unity-wealth/server/router.go:49.2,55.10 5 0
github.com/seanhuebl/unity-wealth/server/router.go:60.60,65.2 4 0
github.com/seanhuebl/unity-wealth/server/router.go:67.83,77.2 7 0
github.com/seanhuebl/unity-wealth/server/router.go:79.60,81.2 2 0
github.com/seanhuebl/unity-wealth/server/router.go:81.2,85.3 3 0
